nohup: ignoring input
PID: 43796
Requested load from: best_resnet_traintest_hitarray_collapse.ini
Config files found: ['debug.ini', 'test_enfnet.ini', 'dcgan.ini', 'test_resnet.ini', 'best_resnet_traintest_hitarray_collapse.ini', 'best_resnet_traintest_hitarray.ini', 'best_resnet_traintest_hitarray_egammaonly.ini', 'test.ini', 'test_convnet.ini', 'best_resnet_long_test.ini', 'test_kazunet.ini', 'best_resnet_traintest_hitarray_postveto.ini', 'best_resnet_traintest.ini', 'best_resnet.ini']
Loading from best_resnet_traintest_hitarray_collapse.ini
best_resnet_traintest_hitarray_collapse.ini loaded!
Params OK: {'num_input_channels': 19, 'num_latent_dims': 128, 'arch_key': 1, 'arch_depth': 18, 'num_classes': 2, 'train_all': 1}
Requesting GPUs. GPU list : [0, 1]
Main GPU : cuda:0
Using DataParallel on these devices: ['cuda:0', 'cuda:1']
CUDA is available
Loading training indices from:  /fast_scratch/WatChMaL/data/IWCD_fulltank_300_pe_idxs.npz
Loading validation indices from:  /fast_scratch/WatChMaL/data/IWCD_fulltank_300_pe_idxs.npz
Loading test indices from:  /fast_scratch/WatChMaL/data/IWCD_fulltank_300_pe_idxs.npz
Creating a directory for run dump at : dumps/20200720_122133/
Saving config file as dumps/20200720_122133/config_file.ini
Config file saved at dumps/20200720_122133/config_file.ini
Entire model parameters passed to the optimizer
Validation Interval: 16
Epoch 0 Starting @ 2020-07-20 12:21:34
... Iteration 10 ... Epoch 0.00 ... Loss 0.688 ... Accuracy 0.549
... Iteration 20 ... Epoch 0.00 ... Loss 0.676 ... Accuracy 0.699
... Iteration 30 ... Epoch 0.00 ... Loss 0.668 ... Accuracy 0.701
... Iteration 40 ... Epoch 0.00 ... Loss 0.659 ... Accuracy 0.686
... Iteration 50 ... Epoch 0.01 ... Loss 0.647 ... Accuracy 0.689
... Iteration 60 ... Epoch 0.01 ... Loss 0.624 ... Accuracy 0.732
... Iteration 70 ... Epoch 0.01 ... Loss 0.619 ... Accuracy 0.658
... Iteration 80 ... Epoch 0.01 ... Loss 0.579 ... Accuracy 0.662
... Iteration 90 ... Epoch 0.01 ... Loss 0.530 ... Accuracy 0.668
... Iteration 100 ... Epoch 0.01 ... Loss 0.523 ... Accuracy 0.645
... Iteration 110 ... Epoch 0.01 ... Loss 0.496 ... Accuracy 0.678
... Iteration 120 ... Epoch 0.01 ... Loss 0.486 ... Accuracy 0.650
... Iteration 130 ... Epoch 0.02 ... Loss 0.454 ... Accuracy 0.654
... Iteration 140 ... Epoch 0.02 ... Loss 0.430 ... Accuracy 0.678
... Iteration 150 ... Epoch 0.02 ... Loss 0.422 ... Accuracy 0.809
... Iteration 160 ... Epoch 0.02 ... Loss 0.417 ... Accuracy 0.820
... Iteration 170 ... Epoch 0.02 ... Loss 0.413 ... Accuracy 0.838
... Iteration 180 ... Epoch 0.02 ... Loss 0.414 ... Accuracy 0.820
... Iteration 190 ... Epoch 0.02 ... Loss 0.395 ... Accuracy 0.830
... Iteration 200 ... Epoch 0.02 ... Loss 0.390 ... Accuracy 0.840
... Iteration 210 ... Epoch 0.03 ... Loss 0.405 ... Accuracy 0.830
... Iteration 220 ... Epoch 0.03 ... Loss 0.372 ... Accuracy 0.857
... Iteration 230 ... Epoch 0.03 ... Loss 0.319 ... Accuracy 0.887
... Iteration 240 ... Epoch 0.03 ... Loss 0.343 ... Accuracy 0.883
... Iteration 250 ... Epoch 0.03 ... Loss 0.360 ... Accuracy 0.865
... Iteration 260 ... Epoch 0.03 ... Loss 0.337 ... Accuracy 0.861
... Iteration 270 ... Epoch 0.03 ... Loss 0.327 ... Accuracy 0.867
... Iteration 280 ... Epoch 0.03 ... Loss 0.319 ... Accuracy 0.859
... Iteration 290 ... Epoch 0.04 ... Loss 0.318 ... Accuracy 0.859
... Iteration 300 ... Epoch 0.04 ... Loss 0.270 ... Accuracy 0.881
... Iteration 310 ... Epoch 0.04 ... Loss 0.272 ... Accuracy 0.900
... Iteration 320 ... Epoch 0.04 ... Loss 0.284 ... Accuracy 0.855
... Iteration 330 ... Epoch 0.04 ... Loss 0.246 ... Accuracy 0.908
... Iteration 340 ... Epoch 0.04 ... Loss 0.253 ... Accuracy 0.879
... Iteration 350 ... Epoch 0.04 ... Loss 0.283 ... Accuracy 0.861
... Iteration 360 ... Epoch 0.04 ... Loss 0.235 ... Accuracy 0.908
... Iteration 370 ... Epoch 0.05 ... Loss 0.288 ... Accuracy 0.850
... Iteration 380 ... Epoch 0.05 ... Loss 0.267 ... Accuracy 0.881
... Iteration 390 ... Epoch 0.05 ... Loss 0.245 ... Accuracy 0.891
... Iteration 400 ... Epoch 0.05 ... Loss 0.252 ... Accuracy 0.875
... Iteration 410 ... Epoch 0.05 ... Loss 0.265 ... Accuracy 0.865
... Iteration 420 ... Epoch 0.05 ... Loss 0.267 ... Accuracy 0.867
... Iteration 430 ... Epoch 0.05 ... Loss 0.237 ... Accuracy 0.889
... Iteration 440 ... Epoch 0.05 ... Loss 0.229 ... Accuracy 0.900
... Iteration 450 ... Epoch 0.05 ... Loss 0.218 ... Accuracy 0.902
... Iteration 460 ... Epoch 0.06 ... Loss 0.232 ... Accuracy 0.893
... Iteration 470 ... Epoch 0.06 ... Loss 0.259 ... Accuracy 0.879
... Iteration 480 ... Epoch 0.06 ... Loss 0.244 ... Accuracy 0.891
... Iteration 490 ... Epoch 0.06 ... Loss 0.243 ... Accuracy 0.877
... Iteration 500 ... Epoch 0.06 ... Loss 0.229 ... Accuracy 0.898
... Iteration 510 ... Epoch 0.06 ... Loss 0.193 ... Accuracy 0.928
... Iteration 520 ... Epoch 0.06 ... Loss 0.256 ... Accuracy 0.875
... Iteration 530 ... Epoch 0.06 ... Loss 0.218 ... Accuracy 0.893
... Iteration 540 ... Epoch 0.07 ... Loss 0.220 ... Accuracy 0.910
... Iteration 550 ... Epoch 0.07 ... Loss 0.200 ... Accuracy 0.926
... Iteration 560 ... Epoch 0.07 ... Loss 0.206 ... Accuracy 0.895
... Iteration 570 ... Epoch 0.07 ... Loss 0.225 ... Accuracy 0.896
... Iteration 580 ... Epoch 0.07 ... Loss 0.218 ... Accuracy 0.895
... Iteration 590 ... Epoch 0.07 ... Loss 0.247 ... Accuracy 0.885
... Iteration 600 ... Epoch 0.07 ... Loss 0.258 ... Accuracy 0.885
... Iteration 610 ... Epoch 0.07 ... Loss 0.233 ... Accuracy 0.893
... Iteration 620 ... Epoch 0.08 ... Loss 0.235 ... Accuracy 0.879
... Iteration 630 ... Epoch 0.08 ... Loss 0.201 ... Accuracy 0.906
... Iteration 640 ... Epoch 0.08 ... Loss 0.218 ... Accuracy 0.902
... Iteration 650 ... Epoch 0.08 ... Loss 0.237 ... Accuracy 0.889
... Iteration 660 ... Epoch 0.08 ... Loss 0.270 ... Accuracy 0.879
... Iteration 670 ... Epoch 0.08 ... Loss 0.193 ... Accuracy 0.904
... Iteration 680 ... Epoch 0.08 ... Loss 0.195 ... Accuracy 0.924
... Iteration 690 ... Epoch 0.08 ... Loss 0.242 ... Accuracy 0.902
... Iteration 700 ... Epoch 0.09 ... Loss 0.225 ... Accuracy 0.896
... Iteration 710 ... Epoch 0.09 ... Loss 0.270 ... Accuracy 0.883
... Iteration 720 ... Epoch 0.09 ... Loss 0.220 ... Accuracy 0.908
... Iteration 730 ... Epoch 0.09 ... Loss 0.216 ... Accuracy 0.891
... Iteration 740 ... Epoch 0.09 ... Loss 0.219 ... Accuracy 0.904
... Iteration 750 ... Epoch 0.09 ... Loss 0.217 ... Accuracy 0.895
... Iteration 760 ... Epoch 0.09 ... Loss 0.223 ... Accuracy 0.891
... Iteration 770 ... Epoch 0.09 ... Loss 0.207 ... Accuracy 0.904
... Iteration 780 ... Epoch 0.10 ... Loss 0.251 ... Accuracy 0.873
... Iteration 790 ... Epoch 0.10 ... Loss 0.287 ... Accuracy 0.861
... Iteration 800 ... Epoch 0.10 ... Loss 0.204 ... Accuracy 0.912
... Iteration 810 ... Epoch 0.10 ... Loss 0.221 ... Accuracy 0.887
... Iteration 820 ... Epoch 0.10 ... Loss 0.241 ... Accuracy 0.891
... Iteration 830 ... Epoch 0.10 ... Loss 0.230 ... Accuracy 0.879
... Iteration 840 ... Epoch 0.10 ... Loss 0.217 ... Accuracy 0.924
... Iteration 850 ... Epoch 0.10 ... Loss 0.259 ... Accuracy 0.881
... Iteration 860 ... Epoch 0.11 ... Loss 0.231 ... Accuracy 0.895
... Iteration 870 ... Epoch 0.11 ... Loss 0.212 ... Accuracy 0.891
... Iteration 880 ... Epoch 0.11 ... Loss 0.194 ... Accuracy 0.910
... Iteration 890 ... Epoch 0.11 ... Loss 0.212 ... Accuracy 0.916
... Iteration 900 ... Epoch 0.11 ... Loss 0.232 ... Accuracy 0.896
... Iteration 910 ... Epoch 0.11 ... Loss 0.192 ... Accuracy 0.912
... Iteration 920 ... Epoch 0.11 ... Loss 0.179 ... Accuracy 0.930
... Iteration 930 ... Epoch 0.11 ... Loss 0.192 ... Accuracy 0.908
... Iteration 940 ... Epoch 0.11 ... Loss 0.183 ... Accuracy 0.934
... Iteration 950 ... Epoch 0.12 ... Loss 0.227 ... Accuracy 0.887
... Iteration 960 ... Epoch 0.12 ... Loss 0.231 ... Accuracy 0.904
... Iteration 970 ... Epoch 0.12 ... Loss 0.225 ... Accuracy 0.898
... Iteration 980 ... Epoch 0.12 ... Loss 0.181 ... Accuracy 0.918
... Iteration 990 ... Epoch 0.12 ... Loss 0.179 ... Accuracy 0.914
... Iteration 1000 ... Epoch 0.12 ... Loss 0.221 ... Accuracy 0.893
... Iteration 1010 ... Epoch 0.12 ... Loss 0.204 ... Accuracy 0.895
... Iteration 1020 ... Epoch 0.12 ... Loss 0.187 ... Accuracy 0.918
... Iteration 1030 ... Epoch 0.13 ... Loss 0.184 ... Accuracy 0.910
... Iteration 1040 ... Epoch 0.13 ... Loss 0.247 ... Accuracy 0.896
... Iteration 1050 ... Epoch 0.13 ... Loss 0.233 ... Accuracy 0.902
... Iteration 1060 ... Epoch 0.13 ... Loss 0.210 ... Accuracy 0.898
... Iteration 1070 ... Epoch 0.13 ... Loss 0.225 ... Accuracy 0.904
... Iteration 1080 ... Epoch 0.13 ... Loss 0.209 ... Accuracy 0.896
... Iteration 1090 ... Epoch 0.13 ... Loss 0.171 ... Accuracy 0.922
... Iteration 1100 ... Epoch 0.13 ... Loss 0.197 ... Accuracy 0.906
... Iteration 1110 ... Epoch 0.14 ... Loss 0.194 ... Accuracy 0.912
... Iteration 1120 ... Epoch 0.14 ... Loss 0.208 ... Accuracy 0.904
... Iteration 1130 ... Epoch 0.14 ... Loss 0.177 ... Accuracy 0.934
... Iteration 1140 ... Epoch 0.14 ... Loss 0.182 ... Accuracy 0.924
... Iteration 1150 ... Epoch 0.14 ... Loss 0.193 ... Accuracy 0.920
... Iteration 1160 ... Epoch 0.14 ... Loss 0.171 ... Accuracy 0.926
... Iteration 1170 ... Epoch 0.14 ... Loss 0.227 ... Accuracy 0.904
... Iteration 1180 ... Epoch 0.14 ... Loss 0.166 ... Accuracy 0.920
... Iteration 1190 ... Epoch 0.15 ... Loss 0.190 ... Accuracy 0.916
... Iteration 1200 ... Epoch 0.15 ... Loss 0.178 ... Accuracy 0.918
... Iteration 1210 ... Epoch 0.15 ... Loss 0.212 ... Accuracy 0.889
... Iteration 1220 ... Epoch 0.15 ... Loss 0.229 ... Accuracy 0.881
... Iteration 1230 ... Epoch 0.15 ... Loss 0.180 ... Accuracy 0.922
... Iteration 1240 ... Epoch 0.15 ... Loss 0.186 ... Accuracy 0.926
... Iteration 1250 ... Epoch 0.15 ... Loss 0.182 ... Accuracy 0.914
... Iteration 1260 ... Epoch 0.15 ... Loss 0.213 ... Accuracy 0.904
... Iteration 1270 ... Epoch 0.16 ... Loss 0.190 ... Accuracy 0.904
... Iteration 1280 ... Epoch 0.16 ... Loss 0.173 ... Accuracy 0.926
... Iteration 1290 ... Epoch 0.16 ... Loss 0.199 ... Accuracy 0.910
... Iteration 1300 ... Epoch 0.16 ... Loss 0.200 ... Accuracy 0.906
... Iteration 1310 ... Epoch 0.16 ... Loss 0.187 ... Accuracy 0.912
... Iteration 1320 ... Epoch 0.16 ... Loss 0.180 ... Accuracy 0.932
... Iteration 1330 ... Epoch 0.16 ... Loss 0.179 ... Accuracy 0.936
... Iteration 1340 ... Epoch 0.16 ... Loss 0.217 ... Accuracy 0.906
... Iteration 1350 ... Epoch 0.16 ... Loss 0.209 ... Accuracy 0.898
... Iteration 1360 ... Epoch 0.17 ... Loss 0.156 ... Accuracy 0.938
... Iteration 1370 ... Epoch 0.17 ... Loss 0.203 ... Accuracy 0.914
... Iteration 1380 ... Epoch 0.17 ... Loss 0.183 ... Accuracy 0.920
... Iteration 1390 ... Epoch 0.17 ... Loss 0.201 ... Accuracy 0.906
... Iteration 1400 ... Epoch 0.17 ... Loss 0.195 ... Accuracy 0.910
... Iteration 1410 ... Epoch 0.17 ... Loss 0.185 ... Accuracy 0.914
... Iteration 1420 ... Epoch 0.17 ... Loss 0.162 ... Accuracy 0.928
... Iteration 1430 ... Epoch 0.17 ... Loss 0.194 ... Accuracy 0.912
... Iteration 1440 ... Epoch 0.18 ... Loss 0.183 ... Accuracy 0.916
... Iteration 1450 ... Epoch 0.18 ... Loss 0.209 ... Accuracy 0.898
... Iteration 1460 ... Epoch 0.18 ... Loss 0.207 ... Accuracy 0.910
... Iteration 1470 ... Epoch 0.18 ... Loss 0.146 ... Accuracy 0.936
... Iteration 1480 ... Epoch 0.18 ... Loss 0.162 ... Accuracy 0.934
... Iteration 1490 ... Epoch 0.18 ... Loss 0.168 ... Accuracy 0.928
... Iteration 1500 ... Epoch 0.18 ... Loss 0.185 ... Accuracy 0.910
... Iteration 1510 ... Epoch 0.18 ... Loss 0.156 ... Accuracy 0.930
... Iteration 1520 ... Epoch 0.19 ... Loss 0.188 ... Accuracy 0.922
... Iteration 1530 ... Epoch 0.19 ... Loss 0.196 ... Accuracy 0.908
... Iteration 1540 ... Epoch 0.19 ... Loss 0.162 ... Accuracy 0.918
... Iteration 1550 ... Epoch 0.19 ... Loss 0.199 ... Accuracy 0.904
... Iteration 1560 ... Epoch 0.19 ... Loss 0.177 ... Accuracy 0.924
... Iteration 1570 ... Epoch 0.19 ... Loss 0.202 ... Accuracy 0.910
... Iteration 1580 ... Epoch 0.19 ... Loss 0.195 ... Accuracy 0.914
... Iteration 1590 ... Epoch 0.19 ... Loss 0.166 ... Accuracy 0.920
... Iteration 1600 ... Epoch 0.20 ... Loss 0.175 ... Accuracy 0.930
... Iteration 1610 ... Epoch 0.20 ... Loss 0.168 ... Accuracy 0.932
... Iteration 1620 ... Epoch 0.20 ... Loss 0.214 ... Accuracy 0.896
... Iteration 1630 ... Epoch 0.20 ... Loss 0.160 ... Accuracy 0.939
... Iteration 1640 ... Epoch 0.20 ... Loss 0.193 ... Accuracy 0.904
... Iteration 1650 ... Epoch 0.20 ... Loss 0.199 ... Accuracy 0.896
... Iteration 1660 ... Epoch 0.20 ... Loss 0.167 ... Accuracy 0.932
... Iteration 1670 ... Epoch 0.20 ... Loss 0.192 ... Accuracy 0.920
... Iteration 1680 ... Epoch 0.21 ... Loss 0.186 ... Accuracy 0.926
... Iteration 1690 ... Epoch 0.21 ... Loss 0.190 ... Accuracy 0.914
... Iteration 1700 ... Epoch 0.21 ... Loss 0.164 ... Accuracy 0.918
... Iteration 1710 ... Epoch 0.21 ... Loss 0.261 ... Accuracy 0.889
... Iteration 1720 ... Epoch 0.21 ... Loss 0.183 ... Accuracy 0.924
... Iteration 1730 ... Epoch 0.21 ... Loss 0.193 ... Accuracy 0.910
... Iteration 1740 ... Epoch 0.21 ... Loss 0.182 ... Accuracy 0.910
... Iteration 1750 ... Epoch 0.21 ... Loss 0.200 ... Accuracy 0.908
... Iteration 1760 ... Epoch 0.22 ... Loss 0.228 ... Accuracy 0.893
... Iteration 1770 ... Epoch 0.22 ... Loss 0.181 ... Accuracy 0.922
... Iteration 1780 ... Epoch 0.22 ... Loss 0.210 ... Accuracy 0.910
... Iteration 1790 ... Epoch 0.22 ... Loss 0.181 ... Accuracy 0.908
... Iteration 1800 ... Epoch 0.22 ... Loss 0.158 ... Accuracy 0.930
... Iteration 1810 ... Epoch 0.22 ... Loss 0.150 ... Accuracy 0.938
... Iteration 1820 ... Epoch 0.22 ... Loss 0.146 ... Accuracy 0.936
... Iteration 1830 ... Epoch 0.22 ... Loss 0.182 ... Accuracy 0.916
... Iteration 1840 ... Epoch 0.22 ... Loss 0.172 ... Accuracy 0.922
... Iteration 1850 ... Epoch 0.23 ... Loss 0.221 ... Accuracy 0.898
... Iteration 1860 ... Epoch 0.23 ... Loss 0.177 ... Accuracy 0.912
... Iteration 1870 ... Epoch 0.23 ... Loss 0.174 ... Accuracy 0.922
... Iteration 1880 ... Epoch 0.23 ... Loss 0.166 ... Accuracy 0.926
... Iteration 1890 ... Epoch 0.23 ... Loss 0.168 ... Accuracy 0.926
... Iteration 1900 ... Epoch 0.23 ... Loss 0.221 ... Accuracy 0.893
... Iteration 1910 ... Epoch 0.23 ... Loss 0.190 ... Accuracy 0.912
... Iteration 1920 ... Epoch 0.23 ... Loss 0.165 ... Accuracy 0.918
... Iteration 1930 ... Epoch 0.24 ... Loss 0.168 ... Accuracy 0.920
... Iteration 1940 ... Epoch 0.24 ... Loss 0.186 ... Accuracy 0.908
... Iteration 1950 ... Epoch 0.24 ... Loss 0.131 ... Accuracy 0.938
... Iteration 1960 ... Epoch 0.24 ... Loss 0.197 ... Accuracy 0.914
... Iteration 1970 ... Epoch 0.24 ... Loss 0.195 ... Accuracy 0.932
... Iteration 1980 ... Epoch 0.24 ... Loss 0.193 ... Accuracy 0.912
... Iteration 1990 ... Epoch 0.24 ... Loss 0.173 ... Accuracy 0.928
... Iteration 2000 ... Epoch 0.24 ... Loss 0.160 ... Accuracy 0.934
... Iteration 2010 ... Epoch 0.25 ... Loss 0.173 ... Accuracy 0.936
... Iteration 2020 ... Epoch 0.25 ... Loss 0.190 ... Accuracy 0.908
... Iteration 2030 ... Epoch 0.25 ... Loss 0.161 ... Accuracy 0.916
... Iteration 2040 ... Epoch 0.25 ... Loss 0.154 ... Accuracy 0.932
... Iteration 2050 ... Epoch 0.25 ... Loss 0.176 ... Accuracy 0.922
... Iteration 2060 ... Epoch 0.25 ... Loss 0.156 ... Accuracy 0.930
... Iteration 2070 ... Epoch 0.25 ... Loss 0.178 ... Accuracy 0.912
... Iteration 2080 ... Epoch 0.25 ... Loss 0.167 ... Accuracy 0.926
... Iteration 2090 ... Epoch 0.26 ... Loss 0.235 ... Accuracy 0.906
... Iteration 2100 ... Epoch 0.26 ... Loss 0.171 ... Accuracy 0.920
... Iteration 2110 ... Epoch 0.26 ... Loss 0.170 ... Accuracy 0.932
... Iteration 2120 ... Epoch 0.26 ... Loss 0.180 ... Accuracy 0.920
... Iteration 2130 ... Epoch 0.26 ... Loss 0.145 ... Accuracy 0.936
... Iteration 2140 ... Epoch 0.26 ... Loss 0.184 ... Accuracy 0.926
... Iteration 2150 ... Epoch 0.26 ... Loss 0.171 ... Accuracy 0.918
... Iteration 2160 ... Epoch 0.26 ... Loss 0.172 ... Accuracy 0.920
... Iteration 2170 ... Epoch 0.27 ... Loss 0.196 ... Accuracy 0.924
... Iteration 2180 ... Epoch 0.27 ... Loss 0.160 ... Accuracy 0.930
... Iteration 2190 ... Epoch 0.27 ... Loss 0.221 ... Accuracy 0.902
... Iteration 2200 ... Epoch 0.27 ... Loss 0.244 ... Accuracy 0.900
... Iteration 2210 ... Epoch 0.27 ... Loss 0.167 ... Accuracy 0.926
... Iteration 2220 ... Epoch 0.27 ... Loss 0.167 ... Accuracy 0.936
... Iteration 2230 ... Epoch 0.27 ... Loss 0.174 ... Accuracy 0.920
... Iteration 2240 ... Epoch 0.27 ... Loss 0.198 ... Accuracy 0.912
... Iteration 2250 ... Epoch 0.27 ... Loss 0.169 ... Accuracy 0.930
... Iteration 2260 ... Epoch 0.28 ... Loss 0.188 ... Accuracy 0.900
... Iteration 2270 ... Epoch 0.28 ... Loss 0.154 ... Accuracy 0.930
... Iteration 2280 ... Epoch 0.28 ... Loss 0.203 ... Accuracy 0.908
... Iteration 2290 ... Epoch 0.28 ... Loss 0.162 ... Accuracy 0.926
... Iteration 2300 ... Epoch 0.28 ... Loss 0.155 ... Accuracy 0.932
... Iteration 2310 ... Epoch 0.28 ... Loss 0.238 ... Accuracy 0.906
... Iteration 2320 ... Epoch 0.28 ... Loss 0.202 ... Accuracy 0.914
... Iteration 2330 ... Epoch 0.28 ... Loss 0.174 ... Accuracy 0.928
... Iteration 2340 ... Epoch 0.29 ... Loss 0.224 ... Accuracy 0.887
... Iteration 2350 ... Epoch 0.29 ... Loss 0.191 ... Accuracy 0.908
... Iteration 2360 ... Epoch 0.29 ... Loss 0.200 ... Accuracy 0.916
... Iteration 2370 ... Epoch 0.29 ... Loss 0.180 ... Accuracy 0.910
... Iteration 2380 ... Epoch 0.29 ... Loss 0.164 ... Accuracy 0.934
... Iteration 2390 ... Epoch 0.29 ... Loss 0.167 ... Accuracy 0.934
... Iteration 2400 ... Epoch 0.29 ... Loss 0.202 ... Accuracy 0.902
... Iteration 2410 ... Epoch 0.29 ... Loss 0.150 ... Accuracy 0.938
... Iteration 2420 ... Epoch 0.30 ... Loss 0.141 ... Accuracy 0.938
... Iteration 2430 ... Epoch 0.30 ... Loss 0.181 ... Accuracy 0.914
... Iteration 2440 ... Epoch 0.30 ... Loss 0.176 ... Accuracy 0.916
... Iteration 2450 ... Epoch 0.30 ... Loss 0.173 ... Accuracy 0.908
... Iteration 2460 ... Epoch 0.30 ... Loss 0.171 ... Accuracy 0.926
... Iteration 2470 ... Epoch 0.30 ... Loss 0.164 ... Accuracy 0.928
... Iteration 2480 ... Epoch 0.30 ... Loss 0.195 ... Accuracy 0.916
... Iteration 2490 ... Epoch 0.30 ... Loss 0.160 ... Accuracy 0.928
... Iteration 2500 ... Epoch 0.31 ... Loss 0.176 ... Accuracy 0.914
... Iteration 2510 ... Epoch 0.31 ... Loss 0.178 ... Accuracy 0.924
... Iteration 2520 ... Epoch 0.31 ... Loss 0.162 ... Accuracy 0.936
... Iteration 2530 ... Epoch 0.31 ... Loss 0.161 ... Accuracy 0.920
... Iteration 2540 ... Epoch 0.31 ... Loss 0.151 ... Accuracy 0.928
... Iteration 2550 ... Epoch 0.31 ... Loss 0.165 ... Accuracy 0.928
... Iteration 2560 ... Epoch 0.31 ... Loss 0.181 ... Accuracy 0.918
... Iteration 2570 ... Epoch 0.31 ... Loss 0.205 ... Accuracy 0.924
... Iteration 2580 ... Epoch 0.32 ... Loss 0.177 ... Accuracy 0.939
... Iteration 2590 ... Epoch 0.32 ... Loss 0.148 ... Accuracy 0.932
... Iteration 2600 ... Epoch 0.32 ... Loss 0.172 ... Accuracy 0.932
... Iteration 2610 ... Epoch 0.32 ... Loss 0.173 ... Accuracy 0.924
... Iteration 2620 ... Epoch 0.32 ... Loss 0.169 ... Accuracy 0.924
... Iteration 2630 ... Epoch 0.32 ... Loss 0.192 ... Accuracy 0.906
... Iteration 2640 ... Epoch 0.32 ... Loss 0.208 ... Accuracy 0.902
... Iteration 2650 ... Epoch 0.32 ... Loss 0.140 ... Accuracy 0.943
... Iteration 2660 ... Epoch 0.33 ... Loss 0.183 ... Accuracy 0.918
... Iteration 2670 ... Epoch 0.33 ... Loss 0.202 ... Accuracy 0.924
... Iteration 2680 ... Epoch 0.33 ... Loss 0.161 ... Accuracy 0.916
... Iteration 2690 ... Epoch 0.33 ... Loss 0.162 ... Accuracy 0.924
... Iteration 2700 ... Epoch 0.33 ... Loss 0.164 ... Accuracy 0.920
... Iteration 2710 ... Epoch 0.33 ... Loss 0.171 ... Accuracy 0.922
... Iteration 2720 ... Epoch 0.33 ... Loss 0.179 ... Accuracy 0.932
... Iteration 2730 ... Epoch 0.33 ... Loss 0.171 ... Accuracy 0.924
... Iteration 2740 ... Epoch 0.33 ... Loss 0.170 ... Accuracy 0.932
... Iteration 2750 ... Epoch 0.34 ... Loss 0.193 ... Accuracy 0.920
... Iteration 2760 ... Epoch 0.34 ... Loss 0.182 ... Accuracy 0.920
... Iteration 2770 ... Epoch 0.34 ... Loss 0.196 ... Accuracy 0.918
... Iteration 2780 ... Epoch 0.34 ... Loss 0.185 ... Accuracy 0.920
... Iteration 2790 ... Epoch 0.34 ... Loss 0.154 ... Accuracy 0.922
... Iteration 2800 ... Epoch 0.34 ... Loss 0.185 ... Accuracy 0.920
... Iteration 2810 ... Epoch 0.34 ... Loss 0.151 ... Accuracy 0.938
... Iteration 2820 ... Epoch 0.34 ... Loss 0.165 ... Accuracy 0.924
... Iteration 2830 ... Epoch 0.35 ... Loss 0.178 ... Accuracy 0.906
... Iteration 2840 ... Epoch 0.35 ... Loss 0.173 ... Accuracy 0.936
... Iteration 2850 ... Epoch 0.35 ... Loss 0.184 ... Accuracy 0.906
... Iteration 2860 ... Epoch 0.35 ... Loss 0.164 ... Accuracy 0.920
... Iteration 2870 ... Epoch 0.35 ... Loss 0.183 ... Accuracy 0.920
... Iteration 2880 ... Epoch 0.35 ... Loss 0.190 ... Accuracy 0.920
... Iteration 2890 ... Epoch 0.35 ... Loss 0.154 ... Accuracy 0.939
... Iteration 2900 ... Epoch 0.35 ... Loss 0.161 ... Accuracy 0.918
... Iteration 2910 ... Epoch 0.36 ... Loss 0.170 ... Accuracy 0.920
... Iteration 2920 ... Epoch 0.36 ... Loss 0.161 ... Accuracy 0.928
... Iteration 2930 ... Epoch 0.36 ... Loss 0.208 ... Accuracy 0.900
... Iteration 2940 ... Epoch 0.36 ... Loss 0.162 ... Accuracy 0.924
... Iteration 2950 ... Epoch 0.36 ... Loss 0.167 ... Accuracy 0.928
... Iteration 2960 ... Epoch 0.36 ... Loss 0.183 ... Accuracy 0.914
... Iteration 2970 ... Epoch 0.36 ... Loss 0.124 ... Accuracy 0.951
... Iteration 2980 ... Epoch 0.36 ... Loss 0.160 ... Accuracy 0.936
... Iteration 2990 ... Epoch 0.37 ... Loss 0.200 ... Accuracy 0.912
... Iteration 3000 ... Epoch 0.37 ... Loss 0.153 ... Accuracy 0.932
... Iteration 3010 ... Epoch 0.37 ... Loss 0.212 ... Accuracy 0.900
... Iteration 3020 ... Epoch 0.37 ... Loss 0.176 ... Accuracy 0.920
... Iteration 3030 ... Epoch 0.37 ... Loss 0.166 ... Accuracy 0.920
... Iteration 3040 ... Epoch 0.37 ... Loss 0.162 ... Accuracy 0.932
... Iteration 3050 ... Epoch 0.37 ... Loss 0.193 ... Accuracy 0.914
... Iteration 3060 ... Epoch 0.37 ... Loss 0.154 ... Accuracy 0.928
... Iteration 3070 ... Epoch 0.38 ... Loss 0.185 ... Accuracy 0.916
... Iteration 3080 ... Epoch 0.38 ... Loss 0.180 ... Accuracy 0.918
... Iteration 3090 ... Epoch 0.38 ... Loss 0.173 ... Accuracy 0.910
... Iteration 3100 ... Epoch 0.38 ... Loss 0.163 ... Accuracy 0.916
... Iteration 3110 ... Epoch 0.38 ... Loss 0.185 ... Accuracy 0.916
... Iteration 3120 ... Epoch 0.38 ... Loss 0.155 ... Accuracy 0.932
... Iteration 3130 ... Epoch 0.38 ... Loss 0.143 ... Accuracy 0.939
... Iteration 3140 ... Epoch 0.38 ... Loss 0.169 ... Accuracy 0.930
... Iteration 3150 ... Epoch 0.38 ... Loss 0.181 ... Accuracy 0.912
... Iteration 3160 ... Epoch 0.39 ... Loss 0.173 ... Accuracy 0.922
... Iteration 3170 ... Epoch 0.39 ... Loss 0.175 ... Accuracy 0.930
... Iteration 3180 ... Epoch 0.39 ... Loss 0.145 ... Accuracy 0.932
... Iteration 3190 ... Epoch 0.39 ... Loss 0.186 ... Accuracy 0.908
... Iteration 3200 ... Epoch 0.39 ... Loss 0.137 ... Accuracy 0.941
... Iteration 3210 ... Epoch 0.39 ... Loss 0.166 ... Accuracy 0.926
... Iteration 3220 ... Epoch 0.39 ... Loss 0.184 ... Accuracy 0.904
... Iteration 3230 ... Epoch 0.39 ... Loss 0.152 ... Accuracy 0.941
... Iteration 3240 ... Epoch 0.40 ... Loss 0.137 ... Accuracy 0.945
... Iteration 3250 ... Epoch 0.40 ... Loss 0.142 ... Accuracy 0.938
... Iteration 3260 ... Epoch 0.40 ... Loss 0.185 ... Accuracy 0.910
... Iteration 3270 ... Epoch 0.40 ... Loss 0.179 ... Accuracy 0.918
... Iteration 3280 ... Epoch 0.40 ... Loss 0.155 ... Accuracy 0.932
... Iteration 3290 ... Epoch 0.40 ... Loss 0.163 ... Accuracy 0.926
... Iteration 3300 ... Epoch 0.40 ... Loss 0.176 ... Accuracy 0.928
... Iteration 3310 ... Epoch 0.40 ... Loss 0.193 ... Accuracy 0.914
... Iteration 3320 ... Epoch 0.41 ... Loss 0.188 ... Accuracy 0.930
... Iteration 3330 ... Epoch 0.41 ... Loss 0.157 ... Accuracy 0.936
... Iteration 3340 ... Epoch 0.41 ... Loss 0.163 ... Accuracy 0.918
... Iteration 3350 ... Epoch 0.41 ... Loss 0.171 ... Accuracy 0.916
... Iteration 3360 ... Epoch 0.41 ... Loss 0.164 ... Accuracy 0.939
... Iteration 3370 ... Epoch 0.41 ... Loss 0.190 ... Accuracy 0.924
... Iteration 3380 ... Epoch 0.41 ... Loss 0.180 ... Accuracy 0.924
... Iteration 3390 ... Epoch 0.41 ... Loss 0.188 ... Accuracy 0.902
... Iteration 3400 ... Epoch 0.42 ... Loss 0.160 ... Accuracy 0.928
... Iteration 3410 ... Epoch 0.42 ... Loss 0.169 ... Accuracy 0.930
... Iteration 3420 ... Epoch 0.42 ... Loss 0.190 ... Accuracy 0.912
... Iteration 3430 ... Epoch 0.42 ... Loss 0.177 ... Accuracy 0.916
... Iteration 3440 ... Epoch 0.42 ... Loss 0.168 ... Accuracy 0.916
... Iteration 3450 ... Epoch 0.42 ... Loss 0.179 ... Accuracy 0.930
... Iteration 3460 ... Epoch 0.42 ... Loss 0.240 ... Accuracy 0.877
... Iteration 3470 ... Epoch 0.42 ... Loss 0.176 ... Accuracy 0.922
... Iteration 3480 ... Epoch 0.43 ... Loss 0.150 ... Accuracy 0.936
... Iteration 3490 ... Epoch 0.43 ... Loss 0.172 ... Accuracy 0.926
... Iteration 3500 ... Epoch 0.43 ... Loss 0.146 ... Accuracy 0.949
... Iteration 3510 ... Epoch 0.43 ... Loss 0.187 ... Accuracy 0.908
... Iteration 3520 ... Epoch 0.43 ... Loss 0.159 ... Accuracy 0.934
... Iteration 3530 ... Epoch 0.43 ... Loss 0.175 ... Accuracy 0.906
... Iteration 3540 ... Epoch 0.43 ... Loss 0.157 ... Accuracy 0.938
... Iteration 3550 ... Epoch 0.43 ... Loss 0.167 ... Accuracy 0.920
... Iteration 3560 ... Epoch 0.44 ... Loss 0.140 ... Accuracy 0.951
... Iteration 3570 ... Epoch 0.44 ... Loss 0.176 ... Accuracy 0.928
... Iteration 3580 ... Epoch 0.44 ... Loss 0.188 ... Accuracy 0.922
... Iteration 3590 ... Epoch 0.44 ... Loss 0.185 ... Accuracy 0.902
... Iteration 3600 ... Epoch 0.44 ... Loss 0.186 ... Accuracy 0.908
... Iteration 3610 ... Epoch 0.44 ... Loss 0.158 ... Accuracy 0.924
... Iteration 3620 ... Epoch 0.44 ... Loss 0.131 ... Accuracy 0.953
... Iteration 3630 ... Epoch 0.44 ... Loss 0.177 ... Accuracy 0.908
... Iteration 3640 ... Epoch 0.44 ... Loss 0.182 ... Accuracy 0.920
... Iteration 3650 ... Epoch 0.45 ... Loss 0.154 ... Accuracy 0.941
... Iteration 3660 ... Epoch 0.45 ... Loss 0.148 ... Accuracy 0.934
... Iteration 3670 ... Epoch 0.45 ... Loss 0.198 ... Accuracy 0.914
... Iteration 3680 ... Epoch 0.45 ... Loss 0.178 ... Accuracy 0.918
... Iteration 3690 ... Epoch 0.45 ... Loss 0.148 ... Accuracy 0.932
... Iteration 3700 ... Epoch 0.45 ... Loss 0.159 ... Accuracy 0.936
... Iteration 3710 ... Epoch 0.45 ... Loss 0.151 ... Accuracy 0.938
... Iteration 3720 ... Epoch 0.45 ... Loss 0.159 ... Accuracy 0.939
... Iteration 3730 ... Epoch 0.46 ... Loss 0.165 ... Accuracy 0.939
... Iteration 3740 ... Epoch 0.46 ... Loss 0.151 ... Accuracy 0.928
... Iteration 3750 ... Epoch 0.46 ... Loss 0.152 ... Accuracy 0.941
... Iteration 3760 ... Epoch 0.46 ... Loss 0.180 ... Accuracy 0.918
... Iteration 3770 ... Epoch 0.46 ... Loss 0.160 ... Accuracy 0.914
... Iteration 3780 ... Epoch 0.46 ... Loss 0.166 ... Accuracy 0.936
... Iteration 3790 ... Epoch 0.46 ... Loss 0.159 ... Accuracy 0.916
... Iteration 3800 ... Epoch 0.46 ... Loss 0.206 ... Accuracy 0.914
... Iteration 3810 ... Epoch 0.47 ... Loss 0.178 ... Accuracy 0.904
... Iteration 3820 ... Epoch 0.47 ... Loss 0.162 ... Accuracy 0.926
... Iteration 3830 ... Epoch 0.47 ... Loss 0.151 ... Accuracy 0.938
... Iteration 3840 ... Epoch 0.47 ... Loss 0.158 ... Accuracy 0.930
... Iteration 3850 ... Epoch 0.47 ... Loss 0.186 ... Accuracy 0.908
... Iteration 3860 ... Epoch 0.47 ... Loss 0.147 ... Accuracy 0.943
... Iteration 3870 ... Epoch 0.47 ... Loss 0.179 ... Accuracy 0.914
... Iteration 3880 ... Epoch 0.47 ... Loss 0.184 ... Accuracy 0.924
... Iteration 3890 ... Epoch 0.48 ... Loss 0.180 ... Accuracy 0.916
... Iteration 3900 ... Epoch 0.48 ... Loss 0.177 ... Accuracy 0.916
... Iteration 3910 ... Epoch 0.48 ... Loss 0.143 ... Accuracy 0.939
... Iteration 3920 ... Epoch 0.48 ... Loss 0.165 ... Accuracy 0.934
... Iteration 3930 ... Epoch 0.48 ... Loss 0.141 ... Accuracy 0.938
... Iteration 3940 ... Epoch 0.48 ... Loss 0.182 ... Accuracy 0.930
... Iteration 3950 ... Epoch 0.48 ... Loss 0.155 ... Accuracy 0.939
... Iteration 3960 ... Epoch 0.48 ... Loss 0.190 ... Accuracy 0.912
... Iteration 3970 ... Epoch 0.49 ... Loss 0.177 ... Accuracy 0.930
... Iteration 3980 ... Epoch 0.49 ... Loss 0.132 ... Accuracy 0.951
... Iteration 3990 ... Epoch 0.49 ... Loss 0.176 ... Accuracy 0.912
... Iteration 4000 ... Epoch 0.49 ... Loss 0.168 ... Accuracy 0.939
... Iteration 4010 ... Epoch 0.49 ... Loss 0.165 ... Accuracy 0.928
... Iteration 4020 ... Epoch 0.49 ... Loss 0.144 ... Accuracy 0.936
... Iteration 4030 ... Epoch 0.49 ... Loss 0.171 ... Accuracy 0.914
... Iteration 4040 ... Epoch 0.49 ... Loss 0.167 ... Accuracy 0.928
... Iteration 4050 ... Epoch 0.49 ... Loss 0.149 ... Accuracy 0.936
... Iteration 4060 ... Epoch 0.50 ... Loss 0.183 ... Accuracy 0.922
... Iteration 4070 ... Epoch 0.50 ... Loss 0.168 ... Accuracy 0.930
... Iteration 4080 ... Epoch 0.50 ... Loss 0.161 ... Accuracy 0.918
... Iteration 4090 ... Epoch 0.50 ... Loss 0.203 ... Accuracy 0.891
... Iteration 4100 ... Epoch 0.50 ... Loss 0.177 ... Accuracy 0.930
... Iteration 4110 ... Epoch 0.50 ... Loss 0.156 ... Accuracy 0.936
... Iteration 4120 ... Epoch 0.50 ... Loss 0.145 ... Accuracy 0.930
... Iteration 4130 ... Epoch 0.50 ... Loss 0.178 ... Accuracy 0.920
... Iteration 4140 ... Epoch 0.51 ... Loss 0.205 ... Accuracy 0.908
... Iteration 4150 ... Epoch 0.51 ... Loss 0.147 ... Accuracy 0.926
... Iteration 4160 ... Epoch 0.51 ... Loss 0.162 ... Accuracy 0.924
... Iteration 4170 ... Epoch 0.51 ... Loss 0.177 ... Accuracy 0.920
... Iteration 4180 ... Epoch 0.51 ... Loss 0.181 ... Accuracy 0.934
... Iteration 4190 ... Epoch 0.51 ... Loss 0.155 ... Accuracy 0.920
... Iteration 4200 ... Epoch 0.51 ... Loss 0.153 ... Accuracy 0.912
... Iteration 4210 ... Epoch 0.51 ... Loss 0.161 ... Accuracy 0.924
... Iteration 4220 ... Epoch 0.52 ... Loss 0.186 ... Accuracy 0.910
... Iteration 4230 ... Epoch 0.52 ... Loss 0.141 ... Accuracy 0.945
... Iteration 4240 ... Epoch 0.52 ... Loss 0.164 ... Accuracy 0.928
... Iteration 4250 ... Epoch 0.52 ... Loss 0.159 ... Accuracy 0.922
... Iteration 4260 ... Epoch 0.52 ... Loss 0.166 ... Accuracy 0.932
... Iteration 4270 ... Epoch 0.52 ... Loss 0.178 ... Accuracy 0.922
... Iteration 4280 ... Epoch 0.52 ... Loss 0.166 ... Accuracy 0.926
... Iteration 4290 ... Epoch 0.52 ... Loss 0.132 ... Accuracy 0.941
... Iteration 4300 ... Epoch 0.53 ... Loss 0.200 ... Accuracy 0.902
... Iteration 4310 ... Epoch 0.53 ... Loss 0.145 ... Accuracy 0.928
... Iteration 4320 ... Epoch 0.53 ... Loss 0.173 ... Accuracy 0.928
... Iteration 4330 ... Epoch 0.53 ... Loss 0.150 ... Accuracy 0.920
... Iteration 4340 ... Epoch 0.53 ... Loss 0.161 ... Accuracy 0.926
... Iteration 4350 ... Epoch 0.53 ... Loss 0.183 ... Accuracy 0.916
... Iteration 4360 ... Epoch 0.53 ... Loss 0.187 ... Accuracy 0.910
... Iteration 4370 ... Epoch 0.53 ... Loss 0.193 ... Accuracy 0.924
... Iteration 4380 ... Epoch 0.54 ... Loss 0.170 ... Accuracy 0.924
... Iteration 4390 ... Epoch 0.54 ... Loss 0.182 ... Accuracy 0.926
... Iteration 4400 ... Epoch 0.54 ... Loss 0.154 ... Accuracy 0.928
... Iteration 4410 ... Epoch 0.54 ... Loss 0.225 ... Accuracy 0.895
... Iteration 4420 ... Epoch 0.54 ... Loss 0.126 ... Accuracy 0.939
... Iteration 4430 ... Epoch 0.54 ... Loss 0.142 ... Accuracy 0.953
... Iteration 4440 ... Epoch 0.54 ... Loss 0.151 ... Accuracy 0.932
... Iteration 4450 ... Epoch 0.54 ... Loss 0.173 ... Accuracy 0.924
... Iteration 4460 ... Epoch 0.55 ... Loss 0.143 ... Accuracy 0.938
... Iteration 4470 ... Epoch 0.55 ... Loss 0.179 ... Accuracy 0.908
... Iteration 4480 ... Epoch 0.55 ... Loss 0.188 ... Accuracy 0.918
... Iteration 4490 ... Epoch 0.55 ... Loss 0.182 ... Accuracy 0.916
... Iteration 4500 ... Epoch 0.55 ... Loss 0.136 ... Accuracy 0.945
... Iteration 4510 ... Epoch 0.55 ... Loss 0.150 ... Accuracy 0.922
... Iteration 4520 ... Epoch 0.55 ... Loss 0.164 ... Accuracy 0.918
... Iteration 4530 ... Epoch 0.55 ... Loss 0.183 ... Accuracy 0.920
... Iteration 4540 ... Epoch 0.55 ... Loss 0.143 ... Accuracy 0.934
... Iteration 4550 ... Epoch 0.56 ... Loss 0.180 ... Accuracy 0.922
... Iteration 4560 ... Epoch 0.56 ... Loss 0.141 ... Accuracy 0.938
... Iteration 4570 ... Epoch 0.56 ... Loss 0.137 ... Accuracy 0.938
... Iteration 4580 ... Epoch 0.56 ... Loss 0.134 ... Accuracy 0.945
... Iteration 4590 ... Epoch 0.56 ... Loss 0.164 ... Accuracy 0.924
... Iteration 4600 ... Epoch 0.56 ... Loss 0.160 ... Accuracy 0.934
... Iteration 4610 ... Epoch 0.56 ... Loss 0.172 ... Accuracy 0.934
... Iteration 4620 ... Epoch 0.56 ... Loss 0.176 ... Accuracy 0.916
... Iteration 4630 ... Epoch 0.57 ... Loss 0.150 ... Accuracy 0.924
... Iteration 4640 ... Epoch 0.57 ... Loss 0.160 ... Accuracy 0.932
... Iteration 4650 ... Epoch 0.57 ... Loss 0.163 ... Accuracy 0.926
... Iteration 4660 ... Epoch 0.57 ... Loss 0.156 ... Accuracy 0.932
... Iteration 4670 ... Epoch 0.57 ... Loss 0.146 ... Accuracy 0.945
... Iteration 4680 ... Epoch 0.57 ... Loss 0.151 ... Accuracy 0.932
... Iteration 4690 ... Epoch 0.57 ... Loss 0.168 ... Accuracy 0.938
... Iteration 4700 ... Epoch 0.57 ... Loss 0.153 ... Accuracy 0.941
... Iteration 4710 ... Epoch 0.58 ... Loss 0.153 ... Accuracy 0.943
... Iteration 4720 ... Epoch 0.58 ... Loss 0.143 ... Accuracy 0.939
... Iteration 4730 ... Epoch 0.58 ... Loss 0.186 ... Accuracy 0.916
... Iteration 4740 ... Epoch 0.58 ... Loss 0.119 ... Accuracy 0.934
... Iteration 4750 ... Epoch 0.58 ... Loss 0.206 ... Accuracy 0.912
... Iteration 4760 ... Epoch 0.58 ... Loss 0.129 ... Accuracy 0.949
... Iteration 4770 ... Epoch 0.58 ... Loss 0.131 ... Accuracy 0.945
... Iteration 4780 ... Epoch 0.58 ... Loss 0.172 ... Accuracy 0.926
... Iteration 4790 ... Epoch 0.59 ... Loss 0.175 ... Accuracy 0.932
... Iteration 4800 ... Epoch 0.59 ... Loss 0.160 ... Accuracy 0.939
... Iteration 4810 ... Epoch 0.59 ... Loss 0.153 ... Accuracy 0.934
... Iteration 4820 ... Epoch 0.59 ... Loss 0.171 ... Accuracy 0.922
... Iteration 4830 ... Epoch 0.59 ... Loss 0.132 ... Accuracy 0.949
... Iteration 4840 ... Epoch 0.59 ... Loss 0.141 ... Accuracy 0.947
... Iteration 4850 ... Epoch 0.59 ... Loss 0.153 ... Accuracy 0.924
... Iteration 4860 ... Epoch 0.59 ... Loss 0.126 ... Accuracy 0.955
... Iteration 4870 ... Epoch 0.60 ... Loss 0.177 ... Accuracy 0.920
... Iteration 4880 ... Epoch 0.60 ... Loss 0.112 ... Accuracy 0.957
... Iteration 4890 ... Epoch 0.60 ... Loss 0.178 ... Accuracy 0.918
... Iteration 4900 ... Epoch 0.60 ... Loss 0.163 ... Accuracy 0.932
... Iteration 4910 ... Epoch 0.60 ... Loss 0.150 ... Accuracy 0.924
... Iteration 4920 ... Epoch 0.60 ... Loss 0.218 ... Accuracy 0.902
... Iteration 4930 ... Epoch 0.60 ... Loss 0.154 ... Accuracy 0.938
... Iteration 4940 ... Epoch 0.60 ... Loss 0.160 ... Accuracy 0.930
... Iteration 4950 ... Epoch 0.60 ... Loss 0.141 ... Accuracy 0.943
... Iteration 4960 ... Epoch 0.61 ... Loss 0.148 ... Accuracy 0.930
... Iteration 4970 ... Epoch 0.61 ... Loss 0.163 ... Accuracy 0.938
... Iteration 4980 ... Epoch 0.61 ... Loss 0.160 ... Accuracy 0.941
... Iteration 4990 ... Epoch 0.61 ... Loss 0.153 ... Accuracy 0.932
... Iteration 5000 ... Epoch 0.61 ... Loss 0.158 ... Accuracy 0.928
... Iteration 5010 ... Epoch 0.61 ... Loss 0.129 ... Accuracy 0.945
... Iteration 5020 ... Epoch 0.61 ... Loss 0.133 ... Accuracy 0.934
... Iteration 5030 ... Epoch 0.61 ... Loss 0.125 ... Accuracy 0.953
... Iteration 5040 ... Epoch 0.62 ... Loss 0.183 ... Accuracy 0.920
... Iteration 5050 ... Epoch 0.62 ... Loss 0.147 ... Accuracy 0.924
... Iteration 5060 ... Epoch 0.62 ... Loss 0.169 ... Accuracy 0.928
... Iteration 5070 ... Epoch 0.62 ... Loss 0.148 ... Accuracy 0.920
... Iteration 5080 ... Epoch 0.62 ... Loss 0.142 ... Accuracy 0.932
... Iteration 5090 ... Epoch 0.62 ... Loss 0.143 ... Accuracy 0.938
... Iteration 5100 ... Epoch 0.62 ... Loss 0.158 ... Accuracy 0.922
... Iteration 5110 ... Epoch 0.62 ... Loss 0.153 ... Accuracy 0.928
... Iteration 5120 ... Epoch 0.63 ... Loss 0.152 ... Accuracy 0.932
... Iteration 5130 ... Epoch 0.63 ... Loss 0.211 ... Accuracy 0.904
... Iteration 5140 ... Epoch 0.63 ... Loss 0.157 ... Accuracy 0.947
... Iteration 5150 ... Epoch 0.63 ... Loss 0.144 ... Accuracy 0.939
... Iteration 5160 ... Epoch 0.63 ... Loss 0.188 ... Accuracy 0.926
... Iteration 5170 ... Epoch 0.63 ... Loss 0.153 ... Accuracy 0.936
... Iteration 5180 ... Epoch 0.63 ... Loss 0.166 ... Accuracy 0.928
... Iteration 5190 ... Epoch 0.63 ... Loss 0.154 ... Accuracy 0.922
... Iteration 5200 ... Epoch 0.64 ... Loss 0.161 ... Accuracy 0.924
... Iteration 5210 ... Epoch 0.64 ... Loss 0.182 ... Accuracy 0.902
... Iteration 5220 ... Epoch 0.64 ... Loss 0.145 ... Accuracy 0.928
... Iteration 5230 ... Epoch 0.64 ... Loss 0.188 ... Accuracy 0.918
... Iteration 5240 ... Epoch 0.64 ... Loss 0.125 ... Accuracy 0.949
... Iteration 5250 ... Epoch 0.64 ... Loss 0.148 ... Accuracy 0.928
... Iteration 5260 ... Epoch 0.64 ... Loss 0.145 ... Accuracy 0.939
... Iteration 5270 ... Epoch 0.64 ... Loss 0.141 ... Accuracy 0.939
... Iteration 5280 ... Epoch 0.65 ... Loss 0.146 ... Accuracy 0.936
... Iteration 5290 ... Epoch 0.65 ... Loss 0.188 ... Accuracy 0.914
... Iteration 5300 ... Epoch 0.65 ... Loss 0.157 ... Accuracy 0.936
... Iteration 5310 ... Epoch 0.65 ... Loss 0.146 ... Accuracy 0.943
... Iteration 5320 ... Epoch 0.65 ... Loss 0.141 ... Accuracy 0.941
... Iteration 5330 ... Epoch 0.65 ... Loss 0.159 ... Accuracy 0.934
... Iteration 5340 ... Epoch 0.65 ... Loss 0.139 ... Accuracy 0.941
... Iteration 5350 ... Epoch 0.65 ... Loss 0.161 ... Accuracy 0.924
... Iteration 5360 ... Epoch 0.66 ... Loss 0.109 ... Accuracy 0.963
... Iteration 5370 ... Epoch 0.66 ... Loss 0.115 ... Accuracy 0.961
... Iteration 5380 ... Epoch 0.66 ... Loss 0.174 ... Accuracy 0.918
... Iteration 5390 ... Epoch 0.66 ... Loss 0.166 ... Accuracy 0.906
... Iteration 5400 ... Epoch 0.66 ... Loss 0.170 ... Accuracy 0.918
... Iteration 5410 ... Epoch 0.66 ... Loss 0.172 ... Accuracy 0.941
... Iteration 5420 ... Epoch 0.66 ... Loss 0.170 ... Accuracy 0.920
... Iteration 5430 ... Epoch 0.66 ... Loss 0.171 ... Accuracy 0.930
... Iteration 5440 ... Epoch 0.66 ... Loss 0.151 ... Accuracy 0.936
... Iteration 5450 ... Epoch 0.67 ... Loss 0.143 ... Accuracy 0.934
... Iteration 5460 ... Epoch 0.67 ... Loss 0.146 ... Accuracy 0.943
... Iteration 5470 ... Epoch 0.67 ... Loss 0.143 ... Accuracy 0.934
... Iteration 5480 ... Epoch 0.67 ... Loss 0.156 ... Accuracy 0.928
... Iteration 5490 ... Epoch 0.67 ... Loss 0.148 ... Accuracy 0.930
... Iteration 5500 ... Epoch 0.67 ... Loss 0.157 ... Accuracy 0.924
... Iteration 5510 ... Epoch 0.67 ... Loss 0.149 ... Accuracy 0.938
... Iteration 5520 ... Epoch 0.67 ... Loss 0.141 ... Accuracy 0.930
... Iteration 5530 ... Epoch 0.68 ... Loss 0.158 ... Accuracy 0.930
... Iteration 5540 ... Epoch 0.68 ... Loss 0.148 ... Accuracy 0.930
... Iteration 5550 ... Epoch 0.68 ... Loss 0.159 ... Accuracy 0.939
... Iteration 5560 ... Epoch 0.68 ... Loss 0.163 ... Accuracy 0.932
... Iteration 5570 ... Epoch 0.68 ... Loss 0.145 ... Accuracy 0.934
... Iteration 5580 ... Epoch 0.68 ... Loss 0.181 ... Accuracy 0.902
... Iteration 5590 ... Epoch 0.68 ... Loss 0.148 ... Accuracy 0.938
... Iteration 5600 ... Epoch 0.68 ... Loss 0.174 ... Accuracy 0.918
... Iteration 5610 ... Epoch 0.69 ... Loss 0.180 ... Accuracy 0.908
... Iteration 5620 ... Epoch 0.69 ... Loss 0.164 ... Accuracy 0.916
... Iteration 5630 ... Epoch 0.69 ... Loss 0.203 ... Accuracy 0.900
... Iteration 5640 ... Epoch 0.69 ... Loss 0.140 ... Accuracy 0.936
... Iteration 5650 ... Epoch 0.69 ... Loss 0.143 ... Accuracy 0.930
... Iteration 5660 ... Epoch 0.69 ... Loss 0.126 ... Accuracy 0.947
... Iteration 5670 ... Epoch 0.69 ... Loss 0.141 ... Accuracy 0.947
... Iteration 5680 ... Epoch 0.69 ... Loss 0.138 ... Accuracy 0.951
... Iteration 5690 ... Epoch 0.70 ... Loss 0.175 ... Accuracy 0.898
... Iteration 5700 ... Epoch 0.70 ... Loss 0.137 ... Accuracy 0.939
... Iteration 5710 ... Epoch 0.70 ... Loss 0.167 ... Accuracy 0.906
... Iteration 5720 ... Epoch 0.70 ... Loss 0.129 ... Accuracy 0.951
... Iteration 5730 ... Epoch 0.70 ... Loss 0.172 ... Accuracy 0.928
... Iteration 5740 ... Epoch 0.70 ... Loss 0.187 ... Accuracy 0.914
... Iteration 5750 ... Epoch 0.70 ... Loss 0.171 ... Accuracy 0.910
... Iteration 5760 ... Epoch 0.70 ... Loss 0.185 ... Accuracy 0.926
... Iteration 5770 ... Epoch 0.71 ... Loss 0.164 ... Accuracy 0.934
... Iteration 5780 ... Epoch 0.71 ... Loss 0.171 ... Accuracy 0.922
... Iteration 5790 ... Epoch 0.71 ... Loss 0.130 ... Accuracy 0.936
... Iteration 5800 ... Epoch 0.71 ... Loss 0.150 ... Accuracy 0.932
... Iteration 5810 ... Epoch 0.71 ... Loss 0.147 ... Accuracy 0.930
... Iteration 5820 ... Epoch 0.71 ... Loss 0.139 ... Accuracy 0.930
... Iteration 5830 ... Epoch 0.71 ... Loss 0.160 ... Accuracy 0.926
... Iteration 5840 ... Epoch 0.71 ... Loss 0.175 ... Accuracy 0.926
... Iteration 5850 ... Epoch 0.71 ... Loss 0.171 ... Accuracy 0.928
... Iteration 5860 ... Epoch 0.72 ... Loss 0.140 ... Accuracy 0.934
... Iteration 5870 ... Epoch 0.72 ... Loss 0.166 ... Accuracy 0.920
... Iteration 5880 ... Epoch 0.72 ... Loss 0.150 ... Accuracy 0.930
... Iteration 5890 ... Epoch 0.72 ... Loss 0.123 ... Accuracy 0.949
... Iteration 5900 ... Epoch 0.72 ... Loss 0.143 ... Accuracy 0.932
... Iteration 5910 ... Epoch 0.72 ... Loss 0.148 ... Accuracy 0.928
... Iteration 5920 ... Epoch 0.72 ... Loss 0.171 ... Accuracy 0.918
... Iteration 5930 ... Epoch 0.72 ... Loss 0.169 ... Accuracy 0.920
... Iteration 5940 ... Epoch 0.73 ... Loss 0.163 ... Accuracy 0.914
... Iteration 5950 ... Epoch 0.73 ... Loss 0.144 ... Accuracy 0.918
... Iteration 5960 ... Epoch 0.73 ... Loss 0.172 ... Accuracy 0.934
... Iteration 5970 ... Epoch 0.73 ... Loss 0.132 ... Accuracy 0.949
... Iteration 5980 ... Epoch 0.73 ... Loss 0.184 ... Accuracy 0.922
... Iteration 5990 ... Epoch 0.73 ... Loss 0.170 ... Accuracy 0.912
... Iteration 6000 ... Epoch 0.73 ... Loss 0.176 ... Accuracy 0.922
... Iteration 6010 ... Epoch 0.73 ... Loss 0.138 ... Accuracy 0.938
... Iteration 6020 ... Epoch 0.74 ... Loss 0.123 ... Accuracy 0.941
... Iteration 6030 ... Epoch 0.74 ... Loss 0.180 ... Accuracy 0.928
... Iteration 6040 ... Epoch 0.74 ... Loss 0.152 ... Accuracy 0.930
... Iteration 6050 ... Epoch 0.74 ... Loss 0.164 ... Accuracy 0.941
... Iteration 6060 ... Epoch 0.74 ... Loss 0.156 ... Accuracy 0.938
... Iteration 6070 ... Epoch 0.74 ... Loss 0.118 ... Accuracy 0.959
... Iteration 6080 ... Epoch 0.74 ... Loss 0.138 ... Accuracy 0.936
... Iteration 6090 ... Epoch 0.74 ... Loss 0.121 ... Accuracy 0.947
... Iteration 6100 ... Epoch 0.75 ... Loss 0.195 ... Accuracy 0.908
... Iteration 6110 ... Epoch 0.75 ... Loss 0.121 ... Accuracy 0.955
... Iteration 6120 ... Epoch 0.75 ... Loss 0.151 ... Accuracy 0.934
... Iteration 6130 ... Epoch 0.75 ... Loss 0.155 ... Accuracy 0.930
... Iteration 6140 ... Epoch 0.75 ... Loss 0.160 ... Accuracy 0.922
... Iteration 6150 ... Epoch 0.75 ... Loss 0.129 ... Accuracy 0.943
... Iteration 6160 ... Epoch 0.75 ... Loss 0.153 ... Accuracy 0.926
... Iteration 6170 ... Epoch 0.75 ... Loss 0.143 ... Accuracy 0.932
... Iteration 6180 ... Epoch 0.76 ... Loss 0.158 ... Accuracy 0.928
... Iteration 6190 ... Epoch 0.76 ... Loss 0.160 ... Accuracy 0.930
... Iteration 6200 ... Epoch 0.76 ... Loss 0.155 ... Accuracy 0.932
... Iteration 6210 ... Epoch 0.76 ... Loss 0.154 ... Accuracy 0.928
... Iteration 6220 ... Epoch 0.76 ... Loss 0.170 ... Accuracy 0.926
... Iteration 6230 ... Epoch 0.76 ... Loss 0.129 ... Accuracy 0.949
... Iteration 6240 ... Epoch 0.76 ... Loss 0.209 ... Accuracy 0.922
... Iteration 6250 ... Epoch 0.76 ... Loss 0.134 ... Accuracy 0.941
... Iteration 6260 ... Epoch 0.77 ... Loss 0.172 ... Accuracy 0.930
... Iteration 6270 ... Epoch 0.77 ... Loss 0.184 ... Accuracy 0.906
... Iteration 6280 ... Epoch 0.77 ... Loss 0.170 ... Accuracy 0.916
... Iteration 6290 ... Epoch 0.77 ... Loss 0.154 ... Accuracy 0.934
... Iteration 6300 ... Epoch 0.77 ... Loss 0.167 ... Accuracy 0.922
... Iteration 6310 ... Epoch 0.77 ... Loss 0.139 ... Accuracy 0.928
... Iteration 6320 ... Epoch 0.77 ... Loss 0.154 ... Accuracy 0.930
... Iteration 6330 ... Epoch 0.77 ... Loss 0.169 ... Accuracy 0.932
... Iteration 6340 ... Epoch 0.77 ... Loss 0.135 ... Accuracy 0.941
... Iteration 6350 ... Epoch 0.78 ... Loss 0.148 ... Accuracy 0.938
... Iteration 6360 ... Epoch 0.78 ... Loss 0.134 ... Accuracy 0.949
... Iteration 6370 ... Epoch 0.78 ... Loss 0.158 ... Accuracy 0.928
... Iteration 6380 ... Epoch 0.78 ... Loss 0.173 ... Accuracy 0.932
... Iteration 6390 ... Epoch 0.78 ... Loss 0.160 ... Accuracy 0.928
... Iteration 6400 ... Epoch 0.78 ... Loss 0.138 ... Accuracy 0.934
... Iteration 6410 ... Epoch 0.78 ... Loss 0.125 ... Accuracy 0.939
... Iteration 6420 ... Epoch 0.78 ... Loss 0.166 ... Accuracy 0.928
... Iteration 6430 ... Epoch 0.79 ... Loss 0.145 ... Accuracy 0.928
... Iteration 6440 ... Epoch 0.79 ... Loss 0.142 ... Accuracy 0.926
... Iteration 6450 ... Epoch 0.79 ... Loss 0.126 ... Accuracy 0.953
... Iteration 6460 ... Epoch 0.79 ... Loss 0.144 ... Accuracy 0.945
... Iteration 6470 ... Epoch 0.79 ... Loss 0.133 ... Accuracy 0.930
... Iteration 6480 ... Epoch 0.79 ... Loss 0.133 ... Accuracy 0.945
... Iteration 6490 ... Epoch 0.79 ... Loss 0.149 ... Accuracy 0.928
... Iteration 6500 ... Epoch 0.79 ... Loss 0.147 ... Accuracy 0.939
... Iteration 6510 ... Epoch 0.80 ... Loss 0.163 ... Accuracy 0.912
... Iteration 6520 ... Epoch 0.80 ... Loss 0.170 ... Accuracy 0.926
... Iteration 6530 ... Epoch 0.80 ... Loss 0.127 ... Accuracy 0.938
... Iteration 6540 ... Epoch 0.80 ... Loss 0.141 ... Accuracy 0.945
... Iteration 6550 ... Epoch 0.80 ... Loss 0.122 ... Accuracy 0.932
... Iteration 6560 ... Epoch 0.80 ... Loss 0.135 ... Accuracy 0.938
... Iteration 6570 ... Epoch 0.80 ... Loss 0.141 ... Accuracy 0.941
... Iteration 6580 ... Epoch 0.80 ... Loss 0.151 ... Accuracy 0.928
... Iteration 6590 ... Epoch 0.81 ... Loss 0.132 ... Accuracy 0.945
... Iteration 6600 ... Epoch 0.81 ... Loss 0.175 ... Accuracy 0.936
... Iteration 6610 ... Epoch 0.81 ... Loss 0.165 ... Accuracy 0.924
... Iteration 6620 ... Epoch 0.81 ... Loss 0.148 ... Accuracy 0.936
... Iteration 6630 ... Epoch 0.81 ... Loss 0.152 ... Accuracy 0.922
... Iteration 6640 ... Epoch 0.81 ... Loss 0.139 ... Accuracy 0.930
... Iteration 6650 ... Epoch 0.81 ... Loss 0.148 ... Accuracy 0.930
... Iteration 6660 ... Epoch 0.81 ... Loss 0.148 ... Accuracy 0.938
... Iteration 6670 ... Epoch 0.82 ... Loss 0.128 ... Accuracy 0.947
... Iteration 6680 ... Epoch 0.82 ... Loss 0.144 ... Accuracy 0.947
... Iteration 6690 ... Epoch 0.82 ... Loss 0.140 ... Accuracy 0.941
... Iteration 6700 ... Epoch 0.82 ... Loss 0.135 ... Accuracy 0.953
... Iteration 6710 ... Epoch 0.82 ... Loss 0.181 ... Accuracy 0.922
... Iteration 6720 ... Epoch 0.82 ... Loss 0.149 ... Accuracy 0.932
... Iteration 6730 ... Epoch 0.82 ... Loss 0.158 ... Accuracy 0.930
... Iteration 6740 ... Epoch 0.82 ... Loss 0.123 ... Accuracy 0.949
... Iteration 6750 ... Epoch 0.82 ... Loss 0.195 ... Accuracy 0.926
... Iteration 6760 ... Epoch 0.83 ... Loss 0.187 ... Accuracy 0.912
... Iteration 6770 ... Epoch 0.83 ... Loss 0.147 ... Accuracy 0.943
... Iteration 6780 ... Epoch 0.83 ... Loss 0.149 ... Accuracy 0.932
... Iteration 6790 ... Epoch 0.83 ... Loss 0.151 ... Accuracy 0.941
... Iteration 6800 ... Epoch 0.83 ... Loss 0.137 ... Accuracy 0.939
... Iteration 6810 ... Epoch 0.83 ... Loss 0.177 ... Accuracy 0.908
... Iteration 6820 ... Epoch 0.83 ... Loss 0.165 ... Accuracy 0.918
... Iteration 6830 ... Epoch 0.83 ... Loss 0.127 ... Accuracy 0.945
... Iteration 6840 ... Epoch 0.84 ... Loss 0.160 ... Accuracy 0.938
... Iteration 6850 ... Epoch 0.84 ... Loss 0.170 ... Accuracy 0.922
... Iteration 6860 ... Epoch 0.84 ... Loss 0.133 ... Accuracy 0.938
... Iteration 6870 ... Epoch 0.84 ... Loss 0.180 ... Accuracy 0.920
... Iteration 6880 ... Epoch 0.84 ... Loss 0.164 ... Accuracy 0.936
... Iteration 6890 ... Epoch 0.84 ... Loss 0.137 ... Accuracy 0.939
... Iteration 6900 ... Epoch 0.84 ... Loss 0.177 ... Accuracy 0.928
... Iteration 6910 ... Epoch 0.84 ... Loss 0.171 ... Accuracy 0.922
... Iteration 6920 ... Epoch 0.85 ... Loss 0.155 ... Accuracy 0.934
... Iteration 6930 ... Epoch 0.85 ... Loss 0.152 ... Accuracy 0.934
... Iteration 6940 ... Epoch 0.85 ... Loss 0.156 ... Accuracy 0.920
... Iteration 6950 ... Epoch 0.85 ... Loss 0.138 ... Accuracy 0.939
... Iteration 6960 ... Epoch 0.85 ... Loss 0.139 ... Accuracy 0.945
... Iteration 6970 ... Epoch 0.85 ... Loss 0.141 ... Accuracy 0.938
... Iteration 6980 ... Epoch 0.85 ... Loss 0.151 ... Accuracy 0.932
... Iteration 6990 ... Epoch 0.85 ... Loss 0.157 ... Accuracy 0.938
... Iteration 7000 ... Epoch 0.86 ... Loss 0.156 ... Accuracy 0.938
... Iteration 7010 ... Epoch 0.86 ... Loss 0.142 ... Accuracy 0.932
... Iteration 7020 ... Epoch 0.86 ... Loss 0.126 ... Accuracy 0.947
... Iteration 7030 ... Epoch 0.86 ... Loss 0.171 ... Accuracy 0.916
... Iteration 7040 ... Epoch 0.86 ... Loss 0.173 ... Accuracy 0.916
... Iteration 7050 ... Epoch 0.86 ... Loss 0.164 ... Accuracy 0.934
... Iteration 7060 ... Epoch 0.86 ... Loss 0.138 ... Accuracy 0.936
... Iteration 7070 ... Epoch 0.86 ... Loss 0.153 ... Accuracy 0.918
... Iteration 7080 ... Epoch 0.87 ... Loss 0.165 ... Accuracy 0.924
... Iteration 7090 ... Epoch 0.87 ... Loss 0.136 ... Accuracy 0.934
... Iteration 7100 ... Epoch 0.87 ... Loss 0.140 ... Accuracy 0.938
... Iteration 7110 ... Epoch 0.87 ... Loss 0.125 ... Accuracy 0.945
... Iteration 7120 ... Epoch 0.87 ... Loss 0.152 ... Accuracy 0.932
... Iteration 7130 ... Epoch 0.87 ... Loss 0.160 ... Accuracy 0.934
... Iteration 7140 ... Epoch 0.87 ... Loss 0.135 ... Accuracy 0.938
... Iteration 7150 ... Epoch 0.87 ... Loss 0.130 ... Accuracy 0.953
... Iteration 7160 ... Epoch 0.88 ... Loss 0.139 ... Accuracy 0.928
... Iteration 7170 ... Epoch 0.88 ... Loss 0.166 ... Accuracy 0.916
... Iteration 7180 ... Epoch 0.88 ... Loss 0.172 ... Accuracy 0.926
... Iteration 7190 ... Epoch 0.88 ... Loss 0.109 ... Accuracy 0.953
... Iteration 7200 ... Epoch 0.88 ... Loss 0.133 ... Accuracy 0.930
... Iteration 7210 ... Epoch 0.88 ... Loss 0.175 ... Accuracy 0.928
... Iteration 7220 ... Epoch 0.88 ... Loss 0.163 ... Accuracy 0.928
... Iteration 7230 ... Epoch 0.88 ... Loss 0.131 ... Accuracy 0.943
... Iteration 7240 ... Epoch 0.88 ... Loss 0.144 ... Accuracy 0.938
... Iteration 7250 ... Epoch 0.89 ... Loss 0.134 ... Accuracy 0.932
... Iteration 7260 ... Epoch 0.89 ... Loss 0.127 ... Accuracy 0.945
... Iteration 7270 ... Epoch 0.89 ... Loss 0.142 ... Accuracy 0.947
... Iteration 7280 ... Epoch 0.89 ... Loss 0.126 ... Accuracy 0.938
... Iteration 7290 ... Epoch 0.89 ... Loss 0.149 ... Accuracy 0.922
... Iteration 7300 ... Epoch 0.89 ... Loss 0.117 ... Accuracy 0.953
... Iteration 7310 ... Epoch 0.89 ... Loss 0.146 ... Accuracy 0.930
... Iteration 7320 ... Epoch 0.89 ... Loss 0.134 ... Accuracy 0.949
... Iteration 7330 ... Epoch 0.90 ... Loss 0.167 ... Accuracy 0.932
... Iteration 7340 ... Epoch 0.90 ... Loss 0.154 ... Accuracy 0.945
... Iteration 7350 ... Epoch 0.90 ... Loss 0.114 ... Accuracy 0.951
... Iteration 7360 ... Epoch 0.90 ... Loss 0.141 ... Accuracy 0.945
... Iteration 7370 ... Epoch 0.90 ... Loss 0.134 ... Accuracy 0.934
... Iteration 7380 ... Epoch 0.90 ... Loss 0.168 ... Accuracy 0.902
... Iteration 7390 ... Epoch 0.90 ... Loss 0.126 ... Accuracy 0.939
... Iteration 7400 ... Epoch 0.90 ... Loss 0.150 ... Accuracy 0.932
... Iteration 7410 ... Epoch 0.91 ... Loss 0.136 ... Accuracy 0.943
... Iteration 7420 ... Epoch 0.91 ... Loss 0.149 ... Accuracy 0.938
... Iteration 7430 ... Epoch 0.91 ... Loss 0.144 ... Accuracy 0.941
... Iteration 7440 ... Epoch 0.91 ... Loss 0.141 ... Accuracy 0.932
... Iteration 7450 ... Epoch 0.91 ... Loss 0.120 ... Accuracy 0.945
... Iteration 7460 ... Epoch 0.91 ... Loss 0.132 ... Accuracy 0.941
... Iteration 7470 ... Epoch 0.91 ... Loss 0.132 ... Accuracy 0.945
... Iteration 7480 ... Epoch 0.91 ... Loss 0.157 ... Accuracy 0.926
... Iteration 7490 ... Epoch 0.92 ... Loss 0.151 ... Accuracy 0.930
... Iteration 7500 ... Epoch 0.92 ... Loss 0.142 ... Accuracy 0.941
... Iteration 7510 ... Epoch 0.92 ... Loss 0.154 ... Accuracy 0.934
... Iteration 7520 ... Epoch 0.92 ... Loss 0.162 ... Accuracy 0.936
... Iteration 7530 ... Epoch 0.92 ... Loss 0.126 ... Accuracy 0.932
... Iteration 7540 ... Epoch 0.92 ... Loss 0.129 ... Accuracy 0.938
... Iteration 7550 ... Epoch 0.92 ... Loss 0.138 ... Accuracy 0.934
... Iteration 7560 ... Epoch 0.92 ... Loss 0.159 ... Accuracy 0.930
... Iteration 7570 ... Epoch 0.93 ... Loss 0.158 ... Accuracy 0.930
... Iteration 7580 ... Epoch 0.93 ... Loss 0.162 ... Accuracy 0.928
... Iteration 7590 ... Epoch 0.93 ... Loss 0.180 ... Accuracy 0.916
... Iteration 7600 ... Epoch 0.93 ... Loss 0.161 ... Accuracy 0.918
... Iteration 7610 ... Epoch 0.93 ... Loss 0.122 ... Accuracy 0.941
... Iteration 7620 ... Epoch 0.93 ... Loss 0.155 ... Accuracy 0.936
... Iteration 7630 ... Epoch 0.93 ... Loss 0.117 ... Accuracy 0.947
... Iteration 7640 ... Epoch 0.93 ... Loss 0.178 ... Accuracy 0.916
... Iteration 7650 ... Epoch 0.93 ... Loss 0.175 ... Accuracy 0.928
... Iteration 7660 ... Epoch 0.94 ... Loss 0.177 ... Accuracy 0.918
... Iteration 7670 ... Epoch 0.94 ... Loss 0.139 ... Accuracy 0.932
... Iteration 7680 ... Epoch 0.94 ... Loss 0.131 ... Accuracy 0.939
... Iteration 7690 ... Epoch 0.94 ... Loss 0.192 ... Accuracy 0.908
... Iteration 7700 ... Epoch 0.94 ... Loss 0.129 ... Accuracy 0.936
... Iteration 7710 ... Epoch 0.94 ... Loss 0.151 ... Accuracy 0.920
... Iteration 7720 ... Epoch 0.94 ... Loss 0.157 ... Accuracy 0.928
... Iteration 7730 ... Epoch 0.94 ... Loss 0.151 ... Accuracy 0.930
... Iteration 7740 ... Epoch 0.95 ... Loss 0.151 ... Accuracy 0.939
... Iteration 7750 ... Epoch 0.95 ... Loss 0.168 ... Accuracy 0.924
... Iteration 7760 ... Epoch 0.95 ... Loss 0.176 ... Accuracy 0.934
... Iteration 7770 ... Epoch 0.95 ... Loss 0.125 ... Accuracy 0.951
... Iteration 7780 ... Epoch 0.95 ... Loss 0.161 ... Accuracy 0.924
... Iteration 7790 ... Epoch 0.95 ... Loss 0.134 ... Accuracy 0.939
... Iteration 7800 ... Epoch 0.95 ... Loss 0.141 ... Accuracy 0.947
... Iteration 7810 ... Epoch 0.95 ... Loss 0.145 ... Accuracy 0.941
... Iteration 7820 ... Epoch 0.96 ... Loss 0.181 ... Accuracy 0.914
... Iteration 7830 ... Epoch 0.96 ... Loss 0.136 ... Accuracy 0.934
... Iteration 7840 ... Epoch 0.96 ... Loss 0.151 ... Accuracy 0.934
... Iteration 7850 ... Epoch 0.96 ... Loss 0.172 ... Accuracy 0.904
... Iteration 7860 ... Epoch 0.96 ... Loss 0.154 ... Accuracy 0.934
... Iteration 7870 ... Epoch 0.96 ... Loss 0.141 ... Accuracy 0.936
... Iteration 7880 ... Epoch 0.96 ... Loss 0.120 ... Accuracy 0.951
... Iteration 7890 ... Epoch 0.96 ... Loss 0.145 ... Accuracy 0.932
... Iteration 7900 ... Epoch 0.97 ... Loss 0.142 ... Accuracy 0.928
... Iteration 7910 ... Epoch 0.97 ... Loss 0.164 ... Accuracy 0.932
... Iteration 7920 ... Epoch 0.97 ... Loss 0.150 ... Accuracy 0.926
... Iteration 7930 ... Epoch 0.97 ... Loss 0.161 ... Accuracy 0.928
... Iteration 7940 ... Epoch 0.97 ... Loss 0.155 ... Accuracy 0.922
... Iteration 7950 ... Epoch 0.97 ... Loss 0.119 ... Accuracy 0.945
... Iteration 7960 ... Epoch 0.97 ... Loss 0.141 ... Accuracy 0.932
... Iteration 7970 ... Epoch 0.97 ... Loss 0.159 ... Accuracy 0.912
... Iteration 7980 ... Epoch 0.98 ... Loss 0.121 ... Accuracy 0.939
... Iteration 7990 ... Epoch 0.98 ... Loss 0.155 ... Accuracy 0.930
... Iteration 8000 ... Epoch 0.98 ... Loss 0.164 ... Accuracy 0.934
... Iteration 8010 ... Epoch 0.98 ... Loss 0.131 ... Accuracy 0.953
... Iteration 8020 ... Epoch 0.98 ... Loss 0.183 ... Accuracy 0.924
... Iteration 8030 ... Epoch 0.98 ... Loss 0.139 ... Accuracy 0.945
... Iteration 8040 ... Epoch 0.98 ... Loss 0.126 ... Accuracy 0.949
... Iteration 8050 ... Epoch 0.98 ... Loss 0.140 ... Accuracy 0.932
... Iteration 8060 ... Epoch 0.99 ... Loss 0.152 ... Accuracy 0.934
... Iteration 8070 ... Epoch 0.99 ... Loss 0.132 ... Accuracy 0.941
... Iteration 8080 ... Epoch 0.99 ... Loss 0.142 ... Accuracy 0.936
... Iteration 8090 ... Epoch 0.99 ... Loss 0.148 ... Accuracy 0.926
... Iteration 8100 ... Epoch 0.99 ... Loss 0.138 ... Accuracy 0.939
... Iteration 8110 ... Epoch 0.99 ... Loss 0.111 ... Accuracy 0.953
... Iteration 8120 ... Epoch 0.99 ... Loss 0.137 ... Accuracy 0.941
... Iteration 8130 ... Epoch 0.99 ... Loss 0.106 ... Accuracy 0.955
... Iteration 8140 ... Epoch 0.99 ... Loss 0.136 ... Accuracy 0.943
... Iteration 8150 ... Epoch 1.00 ... Loss 0.159 ... Accuracy 0.926
... Iteration 8160 ... Epoch 1.00 ... Loss 0.148 ... Accuracy 0.943
... Iteration 8170 ... Epoch 1.00 ... Loss 0.148 ... Accuracy 0.930
... Iteration 8180 ... Epoch 1.00 ... Loss 0.183 ... Accuracy 0.912
... Iteration 8182 ... Epoch 1.00 ... Loss 0.142 ... Accuracy 0.912
Epoch 0 Starting @ 2020-07-20 12:58:28
... Iteration 8190 ... Epoch 1.00 ... Loss 0.153 ... Accuracy 0.922
... Iteration 8200 ... Epoch 1.00 ... Loss 0.143 ... Accuracy 0.934
... Iteration 8210 ... Epoch 1.00 ... Loss 0.162 ... Accuracy 0.924
... Iteration 8220 ... Epoch 1.00 ... Loss 0.146 ... Accuracy 0.926
... Iteration 8230 ... Epoch 1.01 ... Loss 0.135 ... Accuracy 0.947
... Iteration 8240 ... Epoch 1.01 ... Loss 0.144 ... Accuracy 0.924
... Iteration 8250 ... Epoch 1.01 ... Loss 0.116 ... Accuracy 0.951
... Iteration 8260 ... Epoch 1.01 ... Loss 0.139 ... Accuracy 0.936
... Iteration 8270 ... Epoch 1.01 ... Loss 0.144 ... Accuracy 0.943
... Iteration 8280 ... Epoch 1.01 ... Loss 0.162 ... Accuracy 0.932
... Iteration 8290 ... Epoch 1.01 ... Loss 0.157 ... Accuracy 0.934
... Iteration 8300 ... Epoch 1.01 ... Loss 0.139 ... Accuracy 0.947
... Iteration 8310 ... Epoch 1.02 ... Loss 0.129 ... Accuracy 0.951
... Iteration 8320 ... Epoch 1.02 ... Loss 0.131 ... Accuracy 0.932
... Iteration 8330 ... Epoch 1.02 ... Loss 0.105 ... Accuracy 0.951
... Iteration 8340 ... Epoch 1.02 ... Loss 0.111 ... Accuracy 0.961
... Iteration 8350 ... Epoch 1.02 ... Loss 0.137 ... Accuracy 0.947
... Iteration 8360 ... Epoch 1.02 ... Loss 0.128 ... Accuracy 0.938
... Iteration 8370 ... Epoch 1.02 ... Loss 0.188 ... Accuracy 0.916
... Iteration 8380 ... Epoch 1.02 ... Loss 0.114 ... Accuracy 0.951
... Iteration 8390 ... Epoch 1.03 ... Loss 0.166 ... Accuracy 0.934
... Iteration 8400 ... Epoch 1.03 ... Loss 0.173 ... Accuracy 0.920
... Iteration 8410 ... Epoch 1.03 ... Loss 0.139 ... Accuracy 0.943
... Iteration 8420 ... Epoch 1.03 ... Loss 0.115 ... Accuracy 0.943
... Iteration 8430 ... Epoch 1.03 ... Loss 0.113 ... Accuracy 0.951
... Iteration 8440 ... Epoch 1.03 ... Loss 0.176 ... Accuracy 0.906
... Iteration 8450 ... Epoch 1.03 ... Loss 0.145 ... Accuracy 0.945
... Iteration 8460 ... Epoch 1.03 ... Loss 0.126 ... Accuracy 0.943
... Iteration 8470 ... Epoch 1.04 ... Loss 0.152 ... Accuracy 0.934
... Iteration 8480 ... Epoch 1.04 ... Loss 0.125 ... Accuracy 0.939
... Iteration 8490 ... Epoch 1.04 ... Loss 0.127 ... Accuracy 0.943
... Iteration 8500 ... Epoch 1.04 ... Loss 0.125 ... Accuracy 0.949
... Iteration 8510 ... Epoch 1.04 ... Loss 0.122 ... Accuracy 0.963
... Iteration 8520 ... Epoch 1.04 ... Loss 0.123 ... Accuracy 0.947
... Iteration 8530 ... Epoch 1.04 ... Loss 0.117 ... Accuracy 0.945
... Iteration 8540 ... Epoch 1.04 ... Loss 0.158 ... Accuracy 0.922
... Iteration 8550 ... Epoch 1.04 ... Loss 0.142 ... Accuracy 0.936
... Iteration 8560 ... Epoch 1.05 ... Loss 0.139 ... Accuracy 0.939
... Iteration 8570 ... Epoch 1.05 ... Loss 0.123 ... Accuracy 0.943
... Iteration 8580 ... Epoch 1.05 ... Loss 0.144 ... Accuracy 0.938
... Iteration 8590 ... Epoch 1.05 ... Loss 0.155 ... Accuracy 0.936
... Iteration 8600 ... Epoch 1.05 ... Loss 0.143 ... Accuracy 0.924
... Iteration 8610 ... Epoch 1.05 ... Loss 0.135 ... Accuracy 0.943
... Iteration 8620 ... Epoch 1.05 ... Loss 0.155 ... Accuracy 0.924
... Iteration 8630 ... Epoch 1.05 ... Loss 0.157 ... Accuracy 0.922
... Iteration 8640 ... Epoch 1.06 ... Loss 0.141 ... Accuracy 0.938
... Iteration 8650 ... Epoch 1.06 ... Loss 0.154 ... Accuracy 0.939
... Iteration 8660 ... Epoch 1.06 ... Loss 0.140 ... Accuracy 0.939
... Iteration 8670 ... Epoch 1.06 ... Loss 0.137 ... Accuracy 0.947
... Iteration 8680 ... Epoch 1.06 ... Loss 0.131 ... Accuracy 0.943
... Iteration 8690 ... Epoch 1.06 ... Loss 0.149 ... Accuracy 0.938
... Iteration 8700 ... Epoch 1.06 ... Loss 0.133 ... Accuracy 0.939
... Iteration 8710 ... Epoch 1.06 ... Loss 0.143 ... Accuracy 0.934
... Iteration 8720 ... Epoch 1.07 ... Loss 0.145 ... Accuracy 0.934
... Iteration 8730 ... Epoch 1.07 ... Loss 0.176 ... Accuracy 0.928
... Iteration 8740 ... Epoch 1.07 ... Loss 0.138 ... Accuracy 0.947
... Iteration 8750 ... Epoch 1.07 ... Loss 0.140 ... Accuracy 0.932
... Iteration 8760 ... Epoch 1.07 ... Loss 0.187 ... Accuracy 0.914
... Iteration 8770 ... Epoch 1.07 ... Loss 0.145 ... Accuracy 0.947
... Iteration 8780 ... Epoch 1.07 ... Loss 0.150 ... Accuracy 0.928
... Iteration 8790 ... Epoch 1.07 ... Loss 0.142 ... Accuracy 0.939
... Iteration 8800 ... Epoch 1.08 ... Loss 0.171 ... Accuracy 0.934
... Iteration 8810 ... Epoch 1.08 ... Loss 0.172 ... Accuracy 0.930
... Iteration 8820 ... Epoch 1.08 ... Loss 0.138 ... Accuracy 0.936
... Iteration 8830 ... Epoch 1.08 ... Loss 0.127 ... Accuracy 0.953
... Iteration 8840 ... Epoch 1.08 ... Loss 0.144 ... Accuracy 0.943
... Iteration 8850 ... Epoch 1.08 ... Loss 0.129 ... Accuracy 0.953
... Iteration 8860 ... Epoch 1.08 ... Loss 0.173 ... Accuracy 0.926
... Iteration 8870 ... Epoch 1.08 ... Loss 0.144 ... Accuracy 0.939
... Iteration 8880 ... Epoch 1.09 ... Loss 0.126 ... Accuracy 0.945
... Iteration 8890 ... Epoch 1.09 ... Loss 0.134 ... Accuracy 0.938
... Iteration 8900 ... Epoch 1.09 ... Loss 0.122 ... Accuracy 0.945
... Iteration 8910 ... Epoch 1.09 ... Loss 0.146 ... Accuracy 0.939
... Iteration 8920 ... Epoch 1.09 ... Loss 0.145 ... Accuracy 0.926
... Iteration 8930 ... Epoch 1.09 ... Loss 0.178 ... Accuracy 0.926
... Iteration 8940 ... Epoch 1.09 ... Loss 0.124 ... Accuracy 0.949
... Iteration 8950 ... Epoch 1.09 ... Loss 0.112 ... Accuracy 0.949
... Iteration 8960 ... Epoch 1.10 ... Loss 0.161 ... Accuracy 0.922
... Iteration 8970 ... Epoch 1.10 ... Loss 0.124 ... Accuracy 0.939
... Iteration 8980 ... Epoch 1.10 ... Loss 0.146 ... Accuracy 0.932
... Iteration 8990 ... Epoch 1.10 ... Loss 0.138 ... Accuracy 0.938
... Iteration 9000 ... Epoch 1.10 ... Loss 0.135 ... Accuracy 0.936
... Iteration 9010 ... Epoch 1.10 ... Loss 0.137 ... Accuracy 0.936
... Iteration 9020 ... Epoch 1.10 ... Loss 0.106 ... Accuracy 0.957
... Iteration 9030 ... Epoch 1.10 ... Loss 0.122 ... Accuracy 0.947
... Iteration 9040 ... Epoch 1.10 ... Loss 0.147 ... Accuracy 0.930
... Iteration 9050 ... Epoch 1.11 ... Loss 0.115 ... Accuracy 0.941
... Iteration 9060 ... Epoch 1.11 ... Loss 0.128 ... Accuracy 0.941
... Iteration 9070 ... Epoch 1.11 ... Loss 0.140 ... Accuracy 0.941
... Iteration 9080 ... Epoch 1.11 ... Loss 0.154 ... Accuracy 0.930
... Iteration 9090 ... Epoch 1.11 ... Loss 0.130 ... Accuracy 0.941
... Iteration 9100 ... Epoch 1.11 ... Loss 0.152 ... Accuracy 0.939
... Iteration 9110 ... Epoch 1.11 ... Loss 0.129 ... Accuracy 0.941
... Iteration 9120 ... Epoch 1.11 ... Loss 0.135 ... Accuracy 0.945
... Iteration 9130 ... Epoch 1.12 ... Loss 0.132 ... Accuracy 0.928
... Iteration 9140 ... Epoch 1.12 ... Loss 0.102 ... Accuracy 0.953
... Iteration 9150 ... Epoch 1.12 ... Loss 0.129 ... Accuracy 0.939
... Iteration 9160 ... Epoch 1.12 ... Loss 0.128 ... Accuracy 0.945
... Iteration 9170 ... Epoch 1.12 ... Loss 0.123 ... Accuracy 0.945
... Iteration 9180 ... Epoch 1.12 ... Loss 0.117 ... Accuracy 0.949
... Iteration 9190 ... Epoch 1.12 ... Loss 0.145 ... Accuracy 0.945
... Iteration 9200 ... Epoch 1.12 ... Loss 0.123 ... Accuracy 0.943
... Iteration 9210 ... Epoch 1.13 ... Loss 0.137 ... Accuracy 0.939
... Iteration 9220 ... Epoch 1.13 ... Loss 0.135 ... Accuracy 0.939
... Iteration 9230 ... Epoch 1.13 ... Loss 0.142 ... Accuracy 0.930
... Iteration 9240 ... Epoch 1.13 ... Loss 0.154 ... Accuracy 0.926
... Iteration 9250 ... Epoch 1.13 ... Loss 0.143 ... Accuracy 0.941
... Iteration 9260 ... Epoch 1.13 ... Loss 0.160 ... Accuracy 0.934
... Iteration 9270 ... Epoch 1.13 ... Loss 0.162 ... Accuracy 0.930
... Iteration 9280 ... Epoch 1.13 ... Loss 0.172 ... Accuracy 0.924
... Iteration 9290 ... Epoch 1.14 ... Loss 0.147 ... Accuracy 0.938
... Iteration 9300 ... Epoch 1.14 ... Loss 0.142 ... Accuracy 0.930
... Iteration 9310 ... Epoch 1.14 ... Loss 0.170 ... Accuracy 0.922
... Iteration 9320 ... Epoch 1.14 ... Loss 0.144 ... Accuracy 0.939
... Iteration 9330 ... Epoch 1.14 ... Loss 0.143 ... Accuracy 0.930
... Iteration 9340 ... Epoch 1.14 ... Loss 0.147 ... Accuracy 0.939
... Iteration 9350 ... Epoch 1.14 ... Loss 0.122 ... Accuracy 0.951
... Iteration 9360 ... Epoch 1.14 ... Loss 0.134 ... Accuracy 0.936
... Iteration 9370 ... Epoch 1.15 ... Loss 0.127 ... Accuracy 0.941
... Iteration 9380 ... Epoch 1.15 ... Loss 0.163 ... Accuracy 0.926
... Iteration 9390 ... Epoch 1.15 ... Loss 0.157 ... Accuracy 0.930
... Iteration 9400 ... Epoch 1.15 ... Loss 0.151 ... Accuracy 0.945
... Iteration 9410 ... Epoch 1.15 ... Loss 0.142 ... Accuracy 0.934
... Iteration 9420 ... Epoch 1.15 ... Loss 0.113 ... Accuracy 0.955
... Iteration 9430 ... Epoch 1.15 ... Loss 0.136 ... Accuracy 0.938
... Iteration 9440 ... Epoch 1.15 ... Loss 0.147 ... Accuracy 0.939
... Iteration 9450 ... Epoch 1.15 ... Loss 0.139 ... Accuracy 0.938
... Iteration 9460 ... Epoch 1.16 ... Loss 0.136 ... Accuracy 0.941
... Iteration 9470 ... Epoch 1.16 ... Loss 0.150 ... Accuracy 0.928
... Iteration 9480 ... Epoch 1.16 ... Loss 0.122 ... Accuracy 0.938
... Iteration 9490 ... Epoch 1.16 ... Loss 0.116 ... Accuracy 0.938
... Iteration 9500 ... Epoch 1.16 ... Loss 0.121 ... Accuracy 0.943
... Iteration 9510 ... Epoch 1.16 ... Loss 0.155 ... Accuracy 0.930
... Iteration 9520 ... Epoch 1.16 ... Loss 0.158 ... Accuracy 0.912
... Iteration 9530 ... Epoch 1.16 ... Loss 0.116 ... Accuracy 0.949
... Iteration 9540 ... Epoch 1.17 ... Loss 0.137 ... Accuracy 0.945
... Iteration 9550 ... Epoch 1.17 ... Loss 0.146 ... Accuracy 0.936
... Iteration 9560 ... Epoch 1.17 ... Loss 0.167 ... Accuracy 0.934
... Iteration 9570 ... Epoch 1.17 ... Loss 0.144 ... Accuracy 0.939
... Iteration 9580 ... Epoch 1.17 ... Loss 0.155 ... Accuracy 0.930
... Iteration 9590 ... Epoch 1.17 ... Loss 0.117 ... Accuracy 0.951
... Iteration 9600 ... Epoch 1.17 ... Loss 0.149 ... Accuracy 0.938
... Iteration 9610 ... Epoch 1.17 ... Loss 0.166 ... Accuracy 0.924
... Iteration 9620 ... Epoch 1.18 ... Loss 0.173 ... Accuracy 0.924
... Iteration 9630 ... Epoch 1.18 ... Loss 0.185 ... Accuracy 0.922
... Iteration 9640 ... Epoch 1.18 ... Loss 0.136 ... Accuracy 0.949
... Iteration 9650 ... Epoch 1.18 ... Loss 0.157 ... Accuracy 0.934
... Iteration 9660 ... Epoch 1.18 ... Loss 0.136 ... Accuracy 0.936
... Iteration 9670 ... Epoch 1.18 ... Loss 0.147 ... Accuracy 0.945
... Iteration 9680 ... Epoch 1.18 ... Loss 0.135 ... Accuracy 0.941
... Iteration 9690 ... Epoch 1.18 ... Loss 0.121 ... Accuracy 0.953
... Iteration 9700 ... Epoch 1.19 ... Loss 0.157 ... Accuracy 0.922
... Iteration 9710 ... Epoch 1.19 ... Loss 0.137 ... Accuracy 0.939
... Iteration 9720 ... Epoch 1.19 ... Loss 0.130 ... Accuracy 0.936
... Iteration 9730 ... Epoch 1.19 ... Loss 0.179 ... Accuracy 0.932
... Iteration 9740 ... Epoch 1.19 ... Loss 0.127 ... Accuracy 0.945
... Iteration 9750 ... Epoch 1.19 ... Loss 0.163 ... Accuracy 0.914
... Iteration 9760 ... Epoch 1.19 ... Loss 0.132 ... Accuracy 0.943
... Iteration 9770 ... Epoch 1.19 ... Loss 0.152 ... Accuracy 0.930
... Iteration 9780 ... Epoch 1.20 ... Loss 0.151 ... Accuracy 0.930
... Iteration 9790 ... Epoch 1.20 ... Loss 0.145 ... Accuracy 0.930
... Iteration 9800 ... Epoch 1.20 ... Loss 0.114 ... Accuracy 0.936
... Iteration 9810 ... Epoch 1.20 ... Loss 0.130 ... Accuracy 0.941
... Iteration 9820 ... Epoch 1.20 ... Loss 0.143 ... Accuracy 0.941
... Iteration 9830 ... Epoch 1.20 ... Loss 0.136 ... Accuracy 0.930
... Iteration 9840 ... Epoch 1.20 ... Loss 0.125 ... Accuracy 0.949
... Iteration 9850 ... Epoch 1.20 ... Loss 0.146 ... Accuracy 0.932
... Iteration 9860 ... Epoch 1.21 ... Loss 0.102 ... Accuracy 0.955
... Iteration 9870 ... Epoch 1.21 ... Loss 0.137 ... Accuracy 0.936
... Iteration 9880 ... Epoch 1.21 ... Loss 0.153 ... Accuracy 0.924
... Iteration 9890 ... Epoch 1.21 ... Loss 0.176 ... Accuracy 0.926
... Iteration 9900 ... Epoch 1.21 ... Loss 0.152 ... Accuracy 0.938
... Iteration 9910 ... Epoch 1.21 ... Loss 0.136 ... Accuracy 0.934
... Iteration 9920 ... Epoch 1.21 ... Loss 0.144 ... Accuracy 0.932
... Iteration 9930 ... Epoch 1.21 ... Loss 0.159 ... Accuracy 0.934
... Iteration 9940 ... Epoch 1.21 ... Loss 0.179 ... Accuracy 0.928
... Iteration 9950 ... Epoch 1.22 ... Loss 0.144 ... Accuracy 0.928
... Iteration 9960 ... Epoch 1.22 ... Loss 0.161 ... Accuracy 0.934
... Iteration 9970 ... Epoch 1.22 ... Loss 0.142 ... Accuracy 0.934
... Iteration 9980 ... Epoch 1.22 ... Loss 0.137 ... Accuracy 0.938
... Iteration 9990 ... Epoch 1.22 ... Loss 0.145 ... Accuracy 0.934
... Iteration 10000 ... Epoch 1.22 ... Loss 0.144 ... Accuracy 0.941
... Iteration 10010 ... Epoch 1.22 ... Loss 0.121 ... Accuracy 0.941
... Iteration 10020 ... Epoch 1.22 ... Loss 0.115 ... Accuracy 0.955
... Iteration 10030 ... Epoch 1.23 ... Loss 0.127 ... Accuracy 0.945
... Iteration 10040 ... Epoch 1.23 ... Loss 0.133 ... Accuracy 0.955
... Iteration 10050 ... Epoch 1.23 ... Loss 0.159 ... Accuracy 0.936
... Iteration 10060 ... Epoch 1.23 ... Loss 0.150 ... Accuracy 0.930
... Iteration 10070 ... Epoch 1.23 ... Loss 0.097 ... Accuracy 0.971
... Iteration 10080 ... Epoch 1.23 ... Loss 0.141 ... Accuracy 0.945
... Iteration 10090 ... Epoch 1.23 ... Loss 0.134 ... Accuracy 0.938
... Iteration 10100 ... Epoch 1.23 ... Loss 0.152 ... Accuracy 0.918
... Iteration 10110 ... Epoch 1.24 ... Loss 0.199 ... Accuracy 0.910
... Iteration 10120 ... Epoch 1.24 ... Loss 0.127 ... Accuracy 0.949
... Iteration 10130 ... Epoch 1.24 ... Loss 0.154 ... Accuracy 0.924
... Iteration 10140 ... Epoch 1.24 ... Loss 0.138 ... Accuracy 0.926
... Iteration 10150 ... Epoch 1.24 ... Loss 0.154 ... Accuracy 0.932
... Iteration 10160 ... Epoch 1.24 ... Loss 0.137 ... Accuracy 0.941
... Iteration 10170 ... Epoch 1.24 ... Loss 0.093 ... Accuracy 0.967
... Iteration 10180 ... Epoch 1.24 ... Loss 0.165 ... Accuracy 0.924
... Iteration 10190 ... Epoch 1.25 ... Loss 0.157 ... Accuracy 0.932
... Iteration 10200 ... Epoch 1.25 ... Loss 0.136 ... Accuracy 0.943
... Iteration 10210 ... Epoch 1.25 ... Loss 0.127 ... Accuracy 0.949
... Iteration 10220 ... Epoch 1.25 ... Loss 0.135 ... Accuracy 0.941
... Iteration 10230 ... Epoch 1.25 ... Loss 0.159 ... Accuracy 0.930
... Iteration 10240 ... Epoch 1.25 ... Loss 0.137 ... Accuracy 0.943
... Iteration 10250 ... Epoch 1.25 ... Loss 0.131 ... Accuracy 0.938
... Iteration 10260 ... Epoch 1.25 ... Loss 0.143 ... Accuracy 0.938
... Iteration 10270 ... Epoch 1.26 ... Loss 0.159 ... Accuracy 0.918
... Iteration 10280 ... Epoch 1.26 ... Loss 0.122 ... Accuracy 0.941
... Iteration 10290 ... Epoch 1.26 ... Loss 0.146 ... Accuracy 0.939
... Iteration 10300 ... Epoch 1.26 ... Loss 0.112 ... Accuracy 0.951
... Iteration 10310 ... Epoch 1.26 ... Loss 0.126 ... Accuracy 0.945
... Iteration 10320 ... Epoch 1.26 ... Loss 0.130 ... Accuracy 0.951
... Iteration 10330 ... Epoch 1.26 ... Loss 0.161 ... Accuracy 0.936
... Iteration 10340 ... Epoch 1.26 ... Loss 0.112 ... Accuracy 0.945
... Iteration 10350 ... Epoch 1.26 ... Loss 0.136 ... Accuracy 0.938
... Iteration 10360 ... Epoch 1.27 ... Loss 0.191 ... Accuracy 0.918
... Iteration 10370 ... Epoch 1.27 ... Loss 0.141 ... Accuracy 0.938
... Iteration 10380 ... Epoch 1.27 ... Loss 0.163 ... Accuracy 0.924
... Iteration 10390 ... Epoch 1.27 ... Loss 0.145 ... Accuracy 0.932
... Iteration 10400 ... Epoch 1.27 ... Loss 0.158 ... Accuracy 0.938
... Iteration 10410 ... Epoch 1.27 ... Loss 0.163 ... Accuracy 0.928
... Iteration 10420 ... Epoch 1.27 ... Loss 0.205 ... Accuracy 0.910
... Iteration 10430 ... Epoch 1.27 ... Loss 0.141 ... Accuracy 0.953
... Iteration 10440 ... Epoch 1.28 ... Loss 0.135 ... Accuracy 0.930
... Iteration 10450 ... Epoch 1.28 ... Loss 0.144 ... Accuracy 0.932
... Iteration 10460 ... Epoch 1.28 ... Loss 0.121 ... Accuracy 0.947
... Iteration 10470 ... Epoch 1.28 ... Loss 0.116 ... Accuracy 0.949
... Iteration 10480 ... Epoch 1.28 ... Loss 0.130 ... Accuracy 0.947
... Iteration 10490 ... Epoch 1.28 ... Loss 0.143 ... Accuracy 0.934
... Iteration 10500 ... Epoch 1.28 ... Loss 0.160 ... Accuracy 0.936
... Iteration 10510 ... Epoch 1.28 ... Loss 0.139 ... Accuracy 0.943
... Iteration 10520 ... Epoch 1.29 ... Loss 0.133 ... Accuracy 0.943
... Iteration 10530 ... Epoch 1.29 ... Loss 0.121 ... Accuracy 0.949
... Iteration 10540 ... Epoch 1.29 ... Loss 0.140 ... Accuracy 0.938
... Iteration 10550 ... Epoch 1.29 ... Loss 0.153 ... Accuracy 0.932
... Iteration 10560 ... Epoch 1.29 ... Loss 0.185 ... Accuracy 0.924
... Iteration 10570 ... Epoch 1.29 ... Loss 0.139 ... Accuracy 0.932
... Iteration 10580 ... Epoch 1.29 ... Loss 0.112 ... Accuracy 0.961
... Iteration 10590 ... Epoch 1.29 ... Loss 0.130 ... Accuracy 0.941
... Iteration 10600 ... Epoch 1.30 ... Loss 0.148 ... Accuracy 0.932
... Iteration 10610 ... Epoch 1.30 ... Loss 0.161 ... Accuracy 0.928
... Iteration 10620 ... Epoch 1.30 ... Loss 0.146 ... Accuracy 0.928
... Iteration 10630 ... Epoch 1.30 ... Loss 0.132 ... Accuracy 0.939
... Iteration 10640 ... Epoch 1.30 ... Loss 0.166 ... Accuracy 0.924
... Iteration 10650 ... Epoch 1.30 ... Loss 0.151 ... Accuracy 0.928
