nohup: ignoring input
Random Seed:  999
Requested load from: dcgan_celeba.ini
Config files found: ['dcgan_celeba.ini', 'debug.ini', 'test_enfnet.ini', 'dcgan.ini', 'test_resnet.ini', 'best_resnet_traintest_hitarray.ini', 'test.ini', 'test_convnet.ini', 'best_resnet_long_test.ini', 'test_kazunet.ini', 'best_resnet_traintest_hitarray_postveto.ini', 'best_resnet_traintest.ini', 'best_resnet.ini']
Loading from dcgan_celeba.ini
dcgan_celeba.ini loaded!
Params OK: {'num_input_channels': 3, 'num_latent_dims': 128, 'arch_key': 3, 'arch_depth': 18, 'num_classes': 3, 'train_all': 1}
Requesting GPUs. GPU list : [0, 1]
Main GPU : cuda:0
Using DataParallel on these devices: ['cuda:0', 'cuda:1']
CUDA is available
Creating a directory for run dump at : dumps/20200727_201945/
Saving config file as dumps/20200727_201945/config_file.ini
Config file saved at dumps/20200727_201945/config_file.ini
Epoch 0 Starting @ 2020-07-27 20:19:45
... Iteration 1 ... Epoch 0.00 ... G Loss 4.311 ... D Loss 0.019
... Iteration 2 ... Epoch 0.00 ... G Loss 5.289 ... D Loss 0.084
... Iteration 3 ... Epoch 0.00 ... G Loss 4.503 ... D Loss 0.035
... Iteration 4 ... Epoch 0.00 ... G Loss 5.495 ... D Loss 0.018
... Iteration 5 ... Epoch 0.00 ... G Loss 6.642 ... D Loss 0.003
... Iteration 6 ... Epoch 0.00 ... G Loss 6.740 ... D Loss 0.004
... Iteration 7 ... Epoch 0.00 ... G Loss 3.800 ... D Loss 0.092
... Iteration 8 ... Epoch 0.01 ... G Loss 3.445 ... D Loss 0.185
... Iteration 9 ... Epoch 0.01 ... G Loss 2.961 ... D Loss 2.303
... Iteration 10 ... Epoch 0.01 ... G Loss 3.034 ... D Loss 0.394
... Iteration 11 ... Epoch 0.01 ... G Loss 3.465 ... D Loss 0.839
... Iteration 12 ... Epoch 0.01 ... G Loss 2.395 ... D Loss 0.558
... Iteration 13 ... Epoch 0.01 ... G Loss 3.082 ... D Loss 0.296
... Iteration 14 ... Epoch 0.01 ... G Loss 3.693 ... D Loss 0.367
... Iteration 15 ... Epoch 0.01 ... G Loss 3.057 ... D Loss 1.272
... Iteration 16 ... Epoch 0.01 ... G Loss 4.185 ... D Loss 0.270
... Iteration 17 ... Epoch 0.01 ... G Loss 3.397 ... D Loss 0.514
... Iteration 18 ... Epoch 0.01 ... G Loss 5.089 ... D Loss 0.454
... Iteration 19 ... Epoch 0.01 ... G Loss 3.281 ... D Loss 0.382
... Iteration 20 ... Epoch 0.01 ... G Loss 3.804 ... D Loss 0.494
... Iteration 21 ... Epoch 0.01 ... G Loss 3.855 ... D Loss 0.365
... Iteration 22 ... Epoch 0.01 ... G Loss 3.246 ... D Loss 0.586
... Iteration 23 ... Epoch 0.01 ... G Loss 3.929 ... D Loss 0.592
... Iteration 24 ... Epoch 0.02 ... G Loss 4.131 ... D Loss 0.360
... Iteration 25 ... Epoch 0.02 ... G Loss 8.282 ... D Loss 1.274
... Iteration 26 ... Epoch 0.02 ... G Loss 9.668 ... D Loss 0.589
... Iteration 27 ... Epoch 0.02 ... G Loss 4.044 ... D Loss 0.345
... Iteration 28 ... Epoch 0.02 ... G Loss 4.789 ... D Loss 0.329
... Iteration 29 ... Epoch 0.02 ... G Loss 5.376 ... D Loss 0.336
... Iteration 30 ... Epoch 0.02 ... G Loss 5.691 ... D Loss 0.275
... Iteration 31 ... Epoch 0.02 ... G Loss 4.426 ... D Loss 0.179
... Iteration 32 ... Epoch 0.02 ... G Loss 8.960 ... D Loss 0.307
... Iteration 33 ... Epoch 0.02 ... G Loss 6.579 ... D Loss 0.383
... Iteration 34 ... Epoch 0.02 ... G Loss 4.418 ... D Loss 0.289
... Iteration 35 ... Epoch 0.02 ... G Loss 5.992 ... D Loss 0.234
... Iteration 36 ... Epoch 0.02 ... G Loss 6.058 ... D Loss 0.171
... Iteration 37 ... Epoch 0.02 ... G Loss 7.622 ... D Loss 0.379
... Iteration 38 ... Epoch 0.02 ... G Loss 11.155 ... D Loss 0.362
... Iteration 39 ... Epoch 0.02 ... G Loss 4.958 ... D Loss 0.158
... Iteration 40 ... Epoch 0.03 ... G Loss 4.925 ... D Loss 0.183
... Iteration 41 ... Epoch 0.03 ... G Loss 9.018 ... D Loss 0.296
... Iteration 42 ... Epoch 0.03 ... G Loss 7.014 ... D Loss 0.070
... Iteration 43 ... Epoch 0.03 ... G Loss 9.830 ... D Loss 0.688
... Iteration 44 ... Epoch 0.03 ... G Loss 5.101 ... D Loss 0.309
... Iteration 45 ... Epoch 0.03 ... G Loss 9.425 ... D Loss 0.210
... Iteration 46 ... Epoch 0.03 ... G Loss 4.741 ... D Loss 0.270
... Iteration 47 ... Epoch 0.03 ... G Loss 4.330 ... D Loss 0.210
... Iteration 48 ... Epoch 0.03 ... G Loss 7.425 ... D Loss 0.142
... Iteration 49 ... Epoch 0.03 ... G Loss 3.830 ... D Loss 0.390
... Iteration 50 ... Epoch 0.03 ... G Loss 4.377 ... D Loss 0.252
... Iteration 51 ... Epoch 0.03 ... G Loss 4.556 ... D Loss 0.271
... Iteration 52 ... Epoch 0.03 ... G Loss 5.817 ... D Loss 0.180
... Iteration 53 ... Epoch 0.03 ... G Loss 4.976 ... D Loss 0.204
... Iteration 54 ... Epoch 0.03 ... G Loss 5.437 ... D Loss 0.115
... Iteration 55 ... Epoch 0.03 ... G Loss 5.459 ... D Loss 0.457
... Iteration 56 ... Epoch 0.04 ... G Loss 5.505 ... D Loss 0.090
... Iteration 57 ... Epoch 0.04 ... G Loss 6.493 ... D Loss 0.150
... Iteration 58 ... Epoch 0.04 ... G Loss 4.604 ... D Loss 0.300
... Iteration 59 ... Epoch 0.04 ... G Loss 5.061 ... D Loss 0.223
... Iteration 60 ... Epoch 0.04 ... G Loss 5.313 ... D Loss 0.243
... Iteration 61 ... Epoch 0.04 ... G Loss 5.484 ... D Loss 0.206
... Iteration 62 ... Epoch 0.04 ... G Loss 5.971 ... D Loss 0.155
... Iteration 63 ... Epoch 0.04 ... G Loss 4.316 ... D Loss 0.232
... Iteration 64 ... Epoch 0.04 ... G Loss 5.549 ... D Loss 0.178
... Iteration 65 ... Epoch 0.04 ... G Loss 6.711 ... D Loss 0.117
... Iteration 66 ... Epoch 0.04 ... G Loss 4.241 ... D Loss 0.252
... Iteration 67 ... Epoch 0.04 ... G Loss 7.066 ... D Loss 0.081
... Iteration 68 ... Epoch 0.04 ... G Loss 6.139 ... D Loss 0.230
... Iteration 69 ... Epoch 0.04 ... G Loss 6.832 ... D Loss 0.338
... Iteration 70 ... Epoch 0.04 ... G Loss 3.898 ... D Loss 0.248
... Iteration 71 ... Epoch 0.04 ... G Loss 6.351 ... D Loss 0.165
... Iteration 72 ... Epoch 0.05 ... G Loss 5.320 ... D Loss 0.195
... Iteration 73 ... Epoch 0.05 ... G Loss 4.812 ... D Loss 0.238
... Iteration 74 ... Epoch 0.05 ... G Loss 5.814 ... D Loss 0.123
... Iteration 75 ... Epoch 0.05 ... G Loss 5.517 ... D Loss 0.117
... Iteration 76 ... Epoch 0.05 ... G Loss 5.121 ... D Loss 0.189
... Iteration 77 ... Epoch 0.05 ... G Loss 6.673 ... D Loss 0.232
... Iteration 78 ... Epoch 0.05 ... G Loss 5.394 ... D Loss 0.301
... Iteration 79 ... Epoch 0.05 ... G Loss 4.944 ... D Loss 0.171
... Iteration 80 ... Epoch 0.05 ... G Loss 4.673 ... D Loss 0.197
... Iteration 81 ... Epoch 0.05 ... G Loss 6.489 ... D Loss 0.375
... Iteration 82 ... Epoch 0.05 ... G Loss 4.191 ... D Loss 0.241
... Iteration 83 ... Epoch 0.05 ... G Loss 5.070 ... D Loss 0.215
... Iteration 84 ... Epoch 0.05 ... G Loss 4.425 ... D Loss 0.234
... Iteration 85 ... Epoch 0.05 ... G Loss 5.079 ... D Loss 0.179
... Iteration 86 ... Epoch 0.05 ... G Loss 4.767 ... D Loss 0.181
... Iteration 87 ... Epoch 0.05 ... G Loss 4.382 ... D Loss 0.199
... Iteration 88 ... Epoch 0.06 ... G Loss 5.805 ... D Loss 0.234
... Iteration 89 ... Epoch 0.06 ... G Loss 5.166 ... D Loss 0.233
... Iteration 90 ... Epoch 0.06 ... G Loss 5.134 ... D Loss 0.279
... Iteration 91 ... Epoch 0.06 ... G Loss 5.028 ... D Loss 0.268
... Iteration 92 ... Epoch 0.06 ... G Loss 4.803 ... D Loss 0.222
... Iteration 93 ... Epoch 0.06 ... G Loss 8.137 ... D Loss 0.332
... Iteration 94 ... Epoch 0.06 ... G Loss 7.754 ... D Loss 0.746
... Iteration 95 ... Epoch 0.06 ... G Loss 4.520 ... D Loss 0.165
... Iteration 96 ... Epoch 0.06 ... G Loss 5.916 ... D Loss 0.327
... Iteration 97 ... Epoch 0.06 ... G Loss 4.480 ... D Loss 0.189
... Iteration 98 ... Epoch 0.06 ... G Loss 4.942 ... D Loss 0.207
... Iteration 99 ... Epoch 0.06 ... G Loss 5.496 ... D Loss 0.192
... Iteration 100 ... Epoch 0.06 ... G Loss 5.707 ... D Loss 0.119 ... D_x 0.954 ... D_G_z1 0.044 ... D_G_z2 0.015
... Iteration 100 ... Epoch 0.06 ... G Loss 4.820 ... D Loss 0.287
... Iteration 101 ... Epoch 0.06 ... G Loss 4.922 ... D Loss 0.318
... Iteration 102 ... Epoch 0.06 ... G Loss 6.459 ... D Loss 0.392
... Iteration 103 ... Epoch 0.07 ... G Loss 4.517 ... D Loss 0.218
... Iteration 104 ... Epoch 0.07 ... G Loss 8.159 ... D Loss 0.282
... Iteration 105 ... Epoch 0.07 ... G Loss 8.416 ... D Loss 0.222
... Iteration 106 ... Epoch 0.07 ... G Loss 4.489 ... D Loss 0.207
... Iteration 107 ... Epoch 0.07 ... G Loss 5.331 ... D Loss 0.195
... Iteration 108 ... Epoch 0.07 ... G Loss 4.864 ... D Loss 0.320
... Iteration 109 ... Epoch 0.07 ... G Loss 4.471 ... D Loss 0.359
... Iteration 110 ... Epoch 0.07 ... G Loss 3.932 ... D Loss 0.253
... Iteration 111 ... Epoch 0.07 ... G Loss 5.160 ... D Loss 0.193
... Iteration 112 ... Epoch 0.07 ... G Loss 4.668 ... D Loss 0.242
... Iteration 113 ... Epoch 0.07 ... G Loss 4.312 ... D Loss 0.265
... Iteration 114 ... Epoch 0.07 ... G Loss 5.109 ... D Loss 0.281
... Iteration 115 ... Epoch 0.07 ... G Loss 3.157 ... D Loss 0.285
... Iteration 116 ... Epoch 0.07 ... G Loss 4.161 ... D Loss 0.326
... Iteration 117 ... Epoch 0.07 ... G Loss 4.129 ... D Loss 0.278
... Iteration 118 ... Epoch 0.07 ... G Loss 4.386 ... D Loss 0.229
... Iteration 119 ... Epoch 0.08 ... G Loss 4.560 ... D Loss 0.332
... Iteration 120 ... Epoch 0.08 ... G Loss 4.439 ... D Loss 0.303
... Iteration 121 ... Epoch 0.08 ... G Loss 4.964 ... D Loss 0.189
... Iteration 122 ... Epoch 0.08 ... G Loss 3.877 ... D Loss 0.374
... Iteration 123 ... Epoch 0.08 ... G Loss 4.311 ... D Loss 0.351
... Iteration 124 ... Epoch 0.08 ... G Loss 5.607 ... D Loss 0.189
... Iteration 125 ... Epoch 0.08 ... G Loss 5.457 ... D Loss 0.250
... Iteration 126 ... Epoch 0.08 ... G Loss 4.621 ... D Loss 0.242
... Iteration 127 ... Epoch 0.08 ... G Loss 4.993 ... D Loss 0.258
... Iteration 128 ... Epoch 0.08 ... G Loss 4.479 ... D Loss 0.254
... Iteration 129 ... Epoch 0.08 ... G Loss 4.283 ... D Loss 0.295
... Iteration 130 ... Epoch 0.08 ... G Loss 5.854 ... D Loss 0.267
... Iteration 131 ... Epoch 0.08 ... G Loss 8.300 ... D Loss 0.391
... Iteration 132 ... Epoch 0.08 ... G Loss 4.123 ... D Loss 0.255
... Iteration 133 ... Epoch 0.08 ... G Loss 4.931 ... D Loss 0.436
... Iteration 134 ... Epoch 0.08 ... G Loss 4.383 ... D Loss 0.364
... Iteration 135 ... Epoch 0.09 ... G Loss 4.598 ... D Loss 0.244
... Iteration 136 ... Epoch 0.09 ... G Loss 5.142 ... D Loss 1.063
... Iteration 137 ... Epoch 0.09 ... G Loss 5.068 ... D Loss 0.224
... Iteration 138 ... Epoch 0.09 ... G Loss 3.924 ... D Loss 0.434
... Iteration 139 ... Epoch 0.09 ... G Loss 4.270 ... D Loss 0.292
... Iteration 140 ... Epoch 0.09 ... G Loss 4.454 ... D Loss 0.211
... Iteration 141 ... Epoch 0.09 ... G Loss 4.924 ... D Loss 0.406
... Iteration 142 ... Epoch 0.09 ... G Loss 4.436 ... D Loss 0.172
... Iteration 143 ... Epoch 0.09 ... G Loss 4.241 ... D Loss 0.239
... Iteration 144 ... Epoch 0.09 ... G Loss 5.396 ... D Loss 0.279
... Iteration 145 ... Epoch 0.09 ... G Loss 6.585 ... D Loss 0.305
... Iteration 146 ... Epoch 0.09 ... G Loss 3.848 ... D Loss 0.369
... Iteration 147 ... Epoch 0.09 ... G Loss 4.861 ... D Loss 0.202
... Iteration 148 ... Epoch 0.09 ... G Loss 5.363 ... D Loss 0.339
... Iteration 149 ... Epoch 0.09 ... G Loss 5.673 ... D Loss 0.278
... Iteration 150 ... Epoch 0.09 ... G Loss 4.097 ... D Loss 0.282
... Iteration 151 ... Epoch 0.10 ... G Loss 3.737 ... D Loss 0.437
... Iteration 152 ... Epoch 0.10 ... G Loss 4.010 ... D Loss 0.280
... Iteration 153 ... Epoch 0.10 ... G Loss 3.827 ... D Loss 0.297
... Iteration 154 ... Epoch 0.10 ... G Loss 4.885 ... D Loss 0.254
... Iteration 155 ... Epoch 0.10 ... G Loss 4.413 ... D Loss 0.198
... Iteration 156 ... Epoch 0.10 ... G Loss 6.638 ... D Loss 0.453
... Iteration 157 ... Epoch 0.10 ... G Loss 4.351 ... D Loss 0.325
... Iteration 158 ... Epoch 0.10 ... G Loss 2.999 ... D Loss 0.668
... Iteration 159 ... Epoch 0.10 ... G Loss 4.576 ... D Loss 0.252
... Iteration 160 ... Epoch 0.10 ... G Loss 3.556 ... D Loss 0.245
... Iteration 161 ... Epoch 0.10 ... G Loss 4.672 ... D Loss 0.335
... Iteration 162 ... Epoch 0.10 ... G Loss 4.441 ... D Loss 0.215
... Iteration 163 ... Epoch 0.10 ... G Loss 6.619 ... D Loss 0.274
... Iteration 164 ... Epoch 0.10 ... G Loss 4.344 ... D Loss 0.208
... Iteration 165 ... Epoch 0.10 ... G Loss 4.008 ... D Loss 0.248
... Iteration 166 ... Epoch 0.10 ... G Loss 3.937 ... D Loss 1.190
... Iteration 167 ... Epoch 0.11 ... G Loss 3.446 ... D Loss 0.425
... Iteration 168 ... Epoch 0.11 ... G Loss 4.621 ... D Loss 0.177
... Iteration 169 ... Epoch 0.11 ... G Loss 3.898 ... D Loss 1.455
... Iteration 170 ... Epoch 0.11 ... G Loss 4.261 ... D Loss 0.210
... Iteration 171 ... Epoch 0.11 ... G Loss 3.236 ... D Loss 0.193
... Iteration 172 ... Epoch 0.11 ... G Loss 4.532 ... D Loss 0.301
... Iteration 173 ... Epoch 0.11 ... G Loss 3.935 ... D Loss 0.342
... Iteration 174 ... Epoch 0.11 ... G Loss 4.248 ... D Loss 0.241
... Iteration 175 ... Epoch 0.11 ... G Loss 4.150 ... D Loss 0.241
... Iteration 176 ... Epoch 0.11 ... G Loss 2.621 ... D Loss 0.566
... Iteration 177 ... Epoch 0.11 ... G Loss 4.319 ... D Loss 0.263
... Iteration 178 ... Epoch 0.11 ... G Loss 7.706 ... D Loss 0.499
... Iteration 179 ... Epoch 0.11 ... G Loss 3.305 ... D Loss 0.285
... Iteration 180 ... Epoch 0.11 ... G Loss 3.999 ... D Loss 0.298
... Iteration 181 ... Epoch 0.11 ... G Loss 4.071 ... D Loss 0.425
... Iteration 182 ... Epoch 0.11 ... G Loss 4.186 ... D Loss 0.282
... Iteration 183 ... Epoch 0.12 ... G Loss 3.505 ... D Loss 0.288
... Iteration 184 ... Epoch 0.12 ... G Loss 3.880 ... D Loss 0.337
... Iteration 185 ... Epoch 0.12 ... G Loss 4.473 ... D Loss 0.295
... Iteration 186 ... Epoch 0.12 ... G Loss 2.285 ... D Loss 0.542
... Iteration 187 ... Epoch 0.12 ... G Loss 3.401 ... D Loss 0.511
... Iteration 188 ... Epoch 0.12 ... G Loss 4.198 ... D Loss 0.292
... Iteration 189 ... Epoch 0.12 ... G Loss 4.564 ... D Loss 0.307
... Iteration 190 ... Epoch 0.12 ... G Loss 3.967 ... D Loss 0.233
... Iteration 191 ... Epoch 0.12 ... G Loss 6.929 ... D Loss 0.496
... Iteration 192 ... Epoch 0.12 ... G Loss 2.836 ... D Loss 0.559
... Iteration 193 ... Epoch 0.12 ... G Loss 3.828 ... D Loss 0.294
... Iteration 194 ... Epoch 0.12 ... G Loss 3.808 ... D Loss 0.285
... Iteration 195 ... Epoch 0.12 ... G Loss 3.598 ... D Loss 0.262
... Iteration 196 ... Epoch 0.12 ... G Loss 3.644 ... D Loss 0.361
... Iteration 197 ... Epoch 0.12 ... G Loss 2.706 ... D Loss 0.534
... Iteration 198 ... Epoch 0.13 ... G Loss 3.978 ... D Loss 1.011
... Iteration 199 ... Epoch 0.13 ... G Loss 4.280 ... D Loss 0.481
... Iteration 200 ... Epoch 0.13 ... G Loss 2.991 ... D Loss 0.416 ... D_x 0.780 ... D_G_z1 0.029 ... D_G_z2 0.149
... Iteration 200 ... Epoch 0.13 ... G Loss 4.023 ... D Loss 0.229
... Iteration 201 ... Epoch 0.13 ... G Loss 3.369 ... D Loss 0.344
... Iteration 202 ... Epoch 0.13 ... G Loss 3.806 ... D Loss 0.391
... Iteration 203 ... Epoch 0.13 ... G Loss 3.386 ... D Loss 0.350
... Iteration 204 ... Epoch 0.13 ... G Loss 4.469 ... D Loss 0.295
... Iteration 205 ... Epoch 0.13 ... G Loss 3.686 ... D Loss 0.308
... Iteration 206 ... Epoch 0.13 ... G Loss 4.755 ... D Loss 0.425
... Iteration 207 ... Epoch 0.13 ... G Loss 3.294 ... D Loss 0.304
... Iteration 208 ... Epoch 0.13 ... G Loss 3.506 ... D Loss 0.350
... Iteration 209 ... Epoch 0.13 ... G Loss 3.239 ... D Loss 0.347
... Iteration 210 ... Epoch 0.13 ... G Loss 3.102 ... D Loss 0.316
... Iteration 211 ... Epoch 0.13 ... G Loss 4.497 ... D Loss 0.335
... Iteration 212 ... Epoch 0.13 ... G Loss 3.554 ... D Loss 0.354
... Iteration 213 ... Epoch 0.13 ... G Loss 3.662 ... D Loss 0.393
... Iteration 214 ... Epoch 0.14 ... G Loss 3.163 ... D Loss 0.358
... Iteration 215 ... Epoch 0.14 ... G Loss 2.990 ... D Loss 0.344
... Iteration 216 ... Epoch 0.14 ... G Loss 3.482 ... D Loss 0.318
... Iteration 217 ... Epoch 0.14 ... G Loss 3.202 ... D Loss 0.394
... Iteration 218 ... Epoch 0.14 ... G Loss 4.526 ... D Loss 0.369
... Iteration 219 ... Epoch 0.14 ... G Loss 3.733 ... D Loss 0.322
... Iteration 220 ... Epoch 0.14 ... G Loss 2.815 ... D Loss 0.373
... Iteration 221 ... Epoch 0.14 ... G Loss 3.423 ... D Loss 0.367
... Iteration 222 ... Epoch 0.14 ... G Loss 2.847 ... D Loss 0.368
... Iteration 223 ... Epoch 0.14 ... G Loss 3.302 ... D Loss 0.331
... Iteration 224 ... Epoch 0.14 ... G Loss 3.100 ... D Loss 0.442
... Iteration 225 ... Epoch 0.14 ... G Loss 3.685 ... D Loss 0.349
... Iteration 226 ... Epoch 0.14 ... G Loss 4.707 ... D Loss 0.470
... Iteration 227 ... Epoch 0.14 ... G Loss 3.213 ... D Loss 0.341
... Iteration 228 ... Epoch 0.14 ... G Loss 2.945 ... D Loss 0.319
... Iteration 229 ... Epoch 0.14 ... G Loss 3.284 ... D Loss 0.333
... Iteration 230 ... Epoch 0.15 ... G Loss 4.004 ... D Loss 0.389
... Iteration 231 ... Epoch 0.15 ... G Loss 3.469 ... D Loss 0.346
... Iteration 232 ... Epoch 0.15 ... G Loss 3.084 ... D Loss 0.373
... Iteration 233 ... Epoch 0.15 ... G Loss 2.538 ... D Loss 0.463
... Iteration 234 ... Epoch 0.15 ... G Loss 2.999 ... D Loss 0.381
... Iteration 235 ... Epoch 0.15 ... G Loss 2.494 ... D Loss 0.664
... Iteration 236 ... Epoch 0.15 ... G Loss 2.970 ... D Loss 0.417
... Iteration 237 ... Epoch 0.15 ... G Loss 3.214 ... D Loss 0.381
... Iteration 238 ... Epoch 0.15 ... G Loss 3.906 ... D Loss 0.415
... Iteration 239 ... Epoch 0.15 ... G Loss 3.156 ... D Loss 0.338
... Iteration 240 ... Epoch 0.15 ... G Loss 3.933 ... D Loss 0.399
... Iteration 241 ... Epoch 0.15 ... G Loss 3.460 ... D Loss 0.392
... Iteration 242 ... Epoch 0.15 ... G Loss 2.856 ... D Loss 0.364
... Iteration 243 ... Epoch 0.15 ... G Loss 3.279 ... D Loss 0.467
... Iteration 244 ... Epoch 0.15 ... G Loss 3.470 ... D Loss 0.353
... Iteration 245 ... Epoch 0.15 ... G Loss 3.244 ... D Loss 0.390
... Iteration 246 ... Epoch 0.16 ... G Loss 2.611 ... D Loss 0.420
... Iteration 247 ... Epoch 0.16 ... G Loss 3.188 ... D Loss 0.374
... Iteration 248 ... Epoch 0.16 ... G Loss 1.509 ... D Loss 0.543
... Iteration 249 ... Epoch 0.16 ... G Loss 3.106 ... D Loss 0.346
... Iteration 250 ... Epoch 0.16 ... G Loss 3.173 ... D Loss 0.386
... Iteration 251 ... Epoch 0.16 ... G Loss 3.093 ... D Loss 0.469
... Iteration 252 ... Epoch 0.16 ... G Loss 3.851 ... D Loss 0.491
... Iteration 253 ... Epoch 0.16 ... G Loss 3.830 ... D Loss 0.438
... Iteration 254 ... Epoch 0.16 ... G Loss 3.905 ... D Loss 0.651
... Iteration 255 ... Epoch 0.16 ... G Loss 3.036 ... D Loss 0.401
... Iteration 256 ... Epoch 0.16 ... G Loss 2.676 ... D Loss 0.581
... Iteration 257 ... Epoch 0.16 ... G Loss 3.358 ... D Loss 0.499
... Iteration 258 ... Epoch 0.16 ... G Loss 3.198 ... D Loss 0.416
... Iteration 259 ... Epoch 0.16 ... G Loss 3.058 ... D Loss 0.438
... Iteration 260 ... Epoch 0.16 ... G Loss 1.857 ... D Loss 2.574
... Iteration 261 ... Epoch 0.16 ... G Loss 3.173 ... D Loss 0.449
... Iteration 262 ... Epoch 0.17 ... G Loss 3.222 ... D Loss 0.396
... Iteration 263 ... Epoch 0.17 ... G Loss 3.902 ... D Loss 0.416
... Iteration 264 ... Epoch 0.17 ... G Loss 2.868 ... D Loss 0.596
... Iteration 265 ... Epoch 0.17 ... G Loss 3.291 ... D Loss 0.387
... Iteration 266 ... Epoch 0.17 ... G Loss 1.755 ... D Loss 0.936
... Iteration 267 ... Epoch 0.17 ... G Loss 2.656 ... D Loss 0.432
... Iteration 268 ... Epoch 0.17 ... G Loss 2.714 ... D Loss 0.475
... Iteration 269 ... Epoch 0.17 ... G Loss 2.674 ... D Loss 0.469
... Iteration 270 ... Epoch 0.17 ... G Loss 2.963 ... D Loss 0.410
... Iteration 271 ... Epoch 0.17 ... G Loss 3.653 ... D Loss 0.451
... Iteration 272 ... Epoch 0.17 ... G Loss 4.103 ... D Loss 0.407
... Iteration 273 ... Epoch 0.17 ... G Loss 3.222 ... D Loss 0.393
... Iteration 274 ... Epoch 0.17 ... G Loss 3.640 ... D Loss 0.482
... Iteration 275 ... Epoch 0.17 ... G Loss 2.455 ... D Loss 0.516
... Iteration 276 ... Epoch 0.17 ... G Loss 5.091 ... D Loss 0.896
... Iteration 277 ... Epoch 0.17 ... G Loss 2.291 ... D Loss 0.541
... Iteration 278 ... Epoch 0.18 ... G Loss 2.594 ... D Loss 0.698
... Iteration 279 ... Epoch 0.18 ... G Loss 2.503 ... D Loss 0.600
... Iteration 280 ... Epoch 0.18 ... G Loss 3.662 ... D Loss 0.520
... Iteration 281 ... Epoch 0.18 ... G Loss 2.828 ... D Loss 0.493
... Iteration 282 ... Epoch 0.18 ... G Loss 2.602 ... D Loss 0.424
... Iteration 283 ... Epoch 0.18 ... G Loss 2.784 ... D Loss 0.417
... Iteration 284 ... Epoch 0.18 ... G Loss 3.060 ... D Loss 0.465
... Iteration 285 ... Epoch 0.18 ... G Loss 2.888 ... D Loss 0.346
... Iteration 286 ... Epoch 0.18 ... G Loss 2.221 ... D Loss 0.468
... Iteration 287 ... Epoch 0.18 ... G Loss 2.482 ... D Loss 0.477
... Iteration 288 ... Epoch 0.18 ... G Loss 4.717 ... D Loss 0.649
... Iteration 289 ... Epoch 0.18 ... G Loss 2.517 ... D Loss 0.506
... Iteration 290 ... Epoch 0.18 ... G Loss 3.256 ... D Loss 0.596
... Iteration 291 ... Epoch 0.18 ... G Loss 2.418 ... D Loss 0.522
... Iteration 292 ... Epoch 0.18 ... G Loss 2.565 ... D Loss 0.551
... Iteration 293 ... Epoch 0.19 ... G Loss 2.533 ... D Loss 0.463
... Iteration 294 ... Epoch 0.19 ... G Loss 3.646 ... D Loss 0.538
... Iteration 295 ... Epoch 0.19 ... G Loss 2.236 ... D Loss 0.536
... Iteration 296 ... Epoch 0.19 ... G Loss 2.685 ... D Loss 0.496
... Iteration 297 ... Epoch 0.19 ... G Loss 2.178 ... D Loss 0.464
... Iteration 298 ... Epoch 0.19 ... G Loss 3.502 ... D Loss 0.579
... Iteration 299 ... Epoch 0.19 ... G Loss 2.110 ... D Loss 0.532
... Iteration 300 ... Epoch 0.19 ... G Loss 9.429 ... D Loss 0.773 ... D_x 0.960 ... D_G_z1 0.394 ... D_G_z2 0.001
... Iteration 300 ... Epoch 0.19 ... G Loss 2.064 ... D Loss 0.575
... Iteration 301 ... Epoch 0.19 ... G Loss 2.408 ... D Loss 0.502
... Iteration 302 ... Epoch 0.19 ... G Loss 2.816 ... D Loss 0.435
... Iteration 303 ... Epoch 0.19 ... G Loss 2.769 ... D Loss 0.457
... Iteration 304 ... Epoch 0.19 ... G Loss 2.865 ... D Loss 0.512
... Iteration 305 ... Epoch 0.19 ... G Loss 3.097 ... D Loss 0.404
... Iteration 306 ... Epoch 0.19 ... G Loss 2.561 ... D Loss 0.727
... Iteration 307 ... Epoch 0.19 ... G Loss 3.493 ... D Loss 0.609
... Iteration 308 ... Epoch 0.19 ... G Loss 2.470 ... D Loss 0.472
... Iteration 309 ... Epoch 0.20 ... G Loss 2.887 ... D Loss 0.413
... Iteration 310 ... Epoch 0.20 ... G Loss 3.156 ... D Loss 0.441
... Iteration 311 ... Epoch 0.20 ... G Loss 2.000 ... D Loss 0.550
... Iteration 312 ... Epoch 0.20 ... G Loss 2.876 ... D Loss 0.391
... Iteration 313 ... Epoch 0.20 ... G Loss 3.252 ... D Loss 0.804
... Iteration 314 ... Epoch 0.20 ... G Loss 1.674 ... D Loss 0.853
... Iteration 315 ... Epoch 0.20 ... G Loss 2.773 ... D Loss 0.480
... Iteration 316 ... Epoch 0.20 ... G Loss 3.092 ... D Loss 0.576
... Iteration 317 ... Epoch 0.20 ... G Loss 3.252 ... D Loss 0.496
... Iteration 318 ... Epoch 0.20 ... G Loss 3.161 ... D Loss 0.519
... Iteration 319 ... Epoch 0.20 ... G Loss 2.932 ... D Loss 0.583
... Iteration 320 ... Epoch 0.20 ... G Loss 2.194 ... D Loss 0.682
... Iteration 321 ... Epoch 0.20 ... G Loss 2.769 ... D Loss 0.467
... Iteration 322 ... Epoch 0.20 ... G Loss 2.845 ... D Loss 0.513
... Iteration 323 ... Epoch 0.20 ... G Loss 2.716 ... D Loss 0.603
... Iteration 324 ... Epoch 0.20 ... G Loss 2.599 ... D Loss 0.507
... Iteration 325 ... Epoch 0.21 ... G Loss 4.259 ... D Loss 0.654
... Iteration 326 ... Epoch 0.21 ... G Loss 2.805 ... D Loss 0.491
... Iteration 327 ... Epoch 0.21 ... G Loss 2.533 ... D Loss 0.432
... Iteration 328 ... Epoch 0.21 ... G Loss 3.529 ... D Loss 0.528
... Iteration 329 ... Epoch 0.21 ... G Loss 2.321 ... D Loss 0.436
... Iteration 330 ... Epoch 0.21 ... G Loss 2.412 ... D Loss 0.470
... Iteration 331 ... Epoch 0.21 ... G Loss 2.325 ... D Loss 0.507
... Iteration 332 ... Epoch 0.21 ... G Loss 2.869 ... D Loss 0.589
... Iteration 333 ... Epoch 0.21 ... G Loss 2.764 ... D Loss 0.437
... Iteration 334 ... Epoch 0.21 ... G Loss 2.362 ... D Loss 0.681
... Iteration 335 ... Epoch 0.21 ... G Loss 2.413 ... D Loss 0.532
... Iteration 336 ... Epoch 0.21 ... G Loss 2.050 ... D Loss 0.621
... Iteration 337 ... Epoch 0.21 ... G Loss 2.765 ... D Loss 0.459
... Iteration 338 ... Epoch 0.21 ... G Loss 2.257 ... D Loss 0.672
... Iteration 339 ... Epoch 0.21 ... G Loss 2.812 ... D Loss 0.463
... Iteration 340 ... Epoch 0.21 ... G Loss 2.509 ... D Loss 0.604
... Iteration 341 ... Epoch 0.22 ... G Loss 2.679 ... D Loss 0.563
... Iteration 342 ... Epoch 0.22 ... G Loss 2.204 ... D Loss 0.550
... Iteration 343 ... Epoch 0.22 ... G Loss 2.825 ... D Loss 0.523
... Iteration 344 ... Epoch 0.22 ... G Loss 2.529 ... D Loss 0.562
... Iteration 345 ... Epoch 0.22 ... G Loss 2.650 ... D Loss 0.602
... Iteration 346 ... Epoch 0.22 ... G Loss 2.546 ... D Loss 0.536
... Iteration 347 ... Epoch 0.22 ... G Loss 2.516 ... D Loss 0.567
... Iteration 348 ... Epoch 0.22 ... G Loss 2.770 ... D Loss 0.537
... Iteration 349 ... Epoch 0.22 ... G Loss 2.057 ... D Loss 0.532
... Iteration 350 ... Epoch 0.22 ... G Loss 2.633 ... D Loss 0.492
... Iteration 351 ... Epoch 0.22 ... G Loss 2.089 ... D Loss 0.573
... Iteration 352 ... Epoch 0.22 ... G Loss 2.145 ... D Loss 1.071
... Iteration 353 ... Epoch 0.22 ... G Loss 2.826 ... D Loss 0.543
... Iteration 354 ... Epoch 0.22 ... G Loss 2.756 ... D Loss 0.499
... Iteration 355 ... Epoch 0.22 ... G Loss 2.848 ... D Loss 0.467
... Iteration 356 ... Epoch 0.22 ... G Loss 2.912 ... D Loss 0.511
... Iteration 357 ... Epoch 0.23 ... G Loss 3.411 ... D Loss 0.629
... Iteration 358 ... Epoch 0.23 ... G Loss 2.733 ... D Loss 0.482
... Iteration 359 ... Epoch 0.23 ... G Loss 2.973 ... D Loss 0.444
... Iteration 360 ... Epoch 0.23 ... G Loss 2.504 ... D Loss 0.625
... Iteration 361 ... Epoch 0.23 ... G Loss 2.770 ... D Loss 0.478
... Iteration 362 ... Epoch 0.23 ... G Loss 2.765 ... D Loss 0.376
... Iteration 363 ... Epoch 0.23 ... G Loss 2.364 ... D Loss 0.523
... Iteration 364 ... Epoch 0.23 ... G Loss 2.790 ... D Loss 0.481
... Iteration 365 ... Epoch 0.23 ... G Loss 2.697 ... D Loss 0.516
... Iteration 366 ... Epoch 0.23 ... G Loss 3.303 ... D Loss 0.608
... Iteration 367 ... Epoch 0.23 ... G Loss 2.537 ... D Loss 0.469
... Iteration 368 ... Epoch 0.23 ... G Loss 2.698 ... D Loss 0.497
... Iteration 369 ... Epoch 0.23 ... G Loss 2.216 ... D Loss 0.470
... Iteration 370 ... Epoch 0.23 ... G Loss 3.080 ... D Loss 0.868
... Iteration 371 ... Epoch 0.23 ... G Loss 2.069 ... D Loss 0.554
... Iteration 372 ... Epoch 0.23 ... G Loss 2.545 ... D Loss 0.522
... Iteration 373 ... Epoch 0.24 ... G Loss 2.038 ... D Loss 0.687
... Iteration 374 ... Epoch 0.24 ... G Loss 2.105 ... D Loss 0.511
... Iteration 375 ... Epoch 0.24 ... G Loss 3.657 ... D Loss 0.713
... Iteration 376 ... Epoch 0.24 ... G Loss 1.631 ... D Loss 0.706
... Iteration 377 ... Epoch 0.24 ... G Loss 2.705 ... D Loss 0.558
... Iteration 378 ... Epoch 0.24 ... G Loss 1.978 ... D Loss 0.587
... Iteration 379 ... Epoch 0.24 ... G Loss 3.370 ... D Loss 0.664
... Iteration 380 ... Epoch 0.24 ... G Loss 2.762 ... D Loss 0.711
... Iteration 381 ... Epoch 0.24 ... G Loss 2.198 ... D Loss 0.717
... Iteration 382 ... Epoch 0.24 ... G Loss 2.249 ... D Loss 0.535
... Iteration 383 ... Epoch 0.24 ... G Loss 2.866 ... D Loss 0.423
... Iteration 384 ... Epoch 0.24 ... G Loss 2.596 ... D Loss 0.566
... Iteration 385 ... Epoch 0.24 ... G Loss 2.956 ... D Loss 0.486
... Iteration 386 ... Epoch 0.24 ... G Loss 2.934 ... D Loss 0.566
... Iteration 387 ... Epoch 0.24 ... G Loss 2.896 ... D Loss 0.525
... Iteration 388 ... Epoch 0.25 ... G Loss 3.896 ... D Loss 0.600
... Iteration 389 ... Epoch 0.25 ... G Loss 2.904 ... D Loss 0.521
... Iteration 390 ... Epoch 0.25 ... G Loss 3.099 ... D Loss 0.605
... Iteration 391 ... Epoch 0.25 ... G Loss 2.495 ... D Loss 0.506
... Iteration 392 ... Epoch 0.25 ... G Loss 2.740 ... D Loss 0.559
... Iteration 393 ... Epoch 0.25 ... G Loss 2.124 ... D Loss 0.511
... Iteration 394 ... Epoch 0.25 ... G Loss 2.799 ... D Loss 0.534
... Iteration 395 ... Epoch 0.25 ... G Loss 1.566 ... D Loss 0.853
... Iteration 396 ... Epoch 0.25 ... G Loss 2.628 ... D Loss 0.601
... Iteration 397 ... Epoch 0.25 ... G Loss 2.601 ... D Loss 0.697
... Iteration 398 ... Epoch 0.25 ... G Loss 2.757 ... D Loss 0.532
... Iteration 399 ... Epoch 0.25 ... G Loss 2.888 ... D Loss 0.562
... Iteration 400 ... Epoch 0.25 ... G Loss 4.533 ... D Loss 0.336 ... D_x 0.887 ... D_G_z1 0.127 ... D_G_z2 0.034
... Iteration 400 ... Epoch 0.25 ... G Loss 3.386 ... D Loss 0.651
... Iteration 401 ... Epoch 0.25 ... G Loss 2.499 ... D Loss 0.538
... Iteration 402 ... Epoch 0.25 ... G Loss 2.202 ... D Loss 0.523
... Iteration 403 ... Epoch 0.25 ... G Loss 2.000 ... D Loss 0.613
... Iteration 404 ... Epoch 0.26 ... G Loss 2.626 ... D Loss 0.572
... Iteration 405 ... Epoch 0.26 ... G Loss 2.549 ... D Loss 0.535
... Iteration 406 ... Epoch 0.26 ... G Loss 2.109 ... D Loss 0.689
... Iteration 407 ... Epoch 0.26 ... G Loss 2.209 ... D Loss 0.595
... Iteration 408 ... Epoch 0.26 ... G Loss 2.284 ... D Loss 0.514
... Iteration 409 ... Epoch 0.26 ... G Loss 1.960 ... D Loss 0.561
... Iteration 410 ... Epoch 0.26 ... G Loss 2.748 ... D Loss 0.668
... Iteration 411 ... Epoch 0.26 ... G Loss 2.176 ... D Loss 0.563
... Iteration 412 ... Epoch 0.26 ... G Loss 2.616 ... D Loss 0.654
... Iteration 413 ... Epoch 0.26 ... G Loss 2.399 ... D Loss 0.598
... Iteration 414 ... Epoch 0.26 ... G Loss 2.422 ... D Loss 0.526
... Iteration 415 ... Epoch 0.26 ... G Loss 2.266 ... D Loss 0.580
... Iteration 416 ... Epoch 0.26 ... G Loss 3.021 ... D Loss 0.541
... Iteration 417 ... Epoch 0.26 ... G Loss 2.610 ... D Loss 0.457
... Iteration 418 ... Epoch 0.26 ... G Loss 2.344 ... D Loss 0.632
... Iteration 419 ... Epoch 0.26 ... G Loss 2.055 ... D Loss 0.570
... Iteration 420 ... Epoch 0.27 ... G Loss 2.231 ... D Loss 0.651
... Iteration 421 ... Epoch 0.27 ... G Loss 2.541 ... D Loss 0.538
... Iteration 422 ... Epoch 0.27 ... G Loss 2.455 ... D Loss 0.520
... Iteration 423 ... Epoch 0.27 ... G Loss 2.326 ... D Loss 0.560
... Iteration 424 ... Epoch 0.27 ... G Loss 2.410 ... D Loss 0.593
... Iteration 425 ... Epoch 0.27 ... G Loss 2.154 ... D Loss 0.533
... Iteration 426 ... Epoch 0.27 ... G Loss 2.446 ... D Loss 0.520
... Iteration 427 ... Epoch 0.27 ... G Loss 2.824 ... D Loss 0.609
... Iteration 428 ... Epoch 0.27 ... G Loss 2.567 ... D Loss 0.504
... Iteration 429 ... Epoch 0.27 ... G Loss 2.413 ... D Loss 0.517
... Iteration 430 ... Epoch 0.27 ... G Loss 2.335 ... D Loss 0.630
... Iteration 431 ... Epoch 0.27 ... G Loss 2.196 ... D Loss 0.556
... Iteration 432 ... Epoch 0.27 ... G Loss 2.357 ... D Loss 0.574
... Iteration 433 ... Epoch 0.27 ... G Loss 2.189 ... D Loss 0.692
... Iteration 434 ... Epoch 0.27 ... G Loss 2.385 ... D Loss 0.469
... Iteration 435 ... Epoch 0.27 ... G Loss 2.166 ... D Loss 0.645
... Iteration 436 ... Epoch 0.28 ... G Loss 2.387 ... D Loss 0.519
... Iteration 437 ... Epoch 0.28 ... G Loss 1.961 ... D Loss 0.558
... Iteration 438 ... Epoch 0.28 ... G Loss 3.034 ... D Loss 0.679
... Iteration 439 ... Epoch 0.28 ... G Loss 2.747 ... D Loss 0.550
... Iteration 440 ... Epoch 0.28 ... G Loss 2.672 ... D Loss 0.652
... Iteration 441 ... Epoch 0.28 ... G Loss 3.134 ... D Loss 0.629
... Iteration 442 ... Epoch 0.28 ... G Loss 2.505 ... D Loss 0.635
... Iteration 443 ... Epoch 0.28 ... G Loss 2.383 ... D Loss 0.649
... Iteration 444 ... Epoch 0.28 ... G Loss 1.533 ... D Loss 0.673
... Iteration 445 ... Epoch 0.28 ... G Loss 2.862 ... D Loss 0.660
... Iteration 446 ... Epoch 0.28 ... G Loss 2.358 ... D Loss 0.523
... Iteration 447 ... Epoch 0.28 ... G Loss 2.078 ... D Loss 0.601
... Iteration 448 ... Epoch 0.28 ... G Loss 2.532 ... D Loss 0.594
... Iteration 449 ... Epoch 0.28 ... G Loss 2.831 ... D Loss 0.689
... Iteration 450 ... Epoch 0.28 ... G Loss 2.055 ... D Loss 0.644
... Iteration 451 ... Epoch 0.28 ... G Loss 2.234 ... D Loss 0.657
... Iteration 452 ... Epoch 0.29 ... G Loss 2.106 ... D Loss 0.631
... Iteration 453 ... Epoch 0.29 ... G Loss 2.928 ... D Loss 0.644
... Iteration 454 ... Epoch 0.29 ... G Loss 3.323 ... D Loss 0.824
... Iteration 455 ... Epoch 0.29 ... G Loss 2.557 ... D Loss 0.561
... Iteration 456 ... Epoch 0.29 ... G Loss 2.657 ... D Loss 0.639
... Iteration 457 ... Epoch 0.29 ... G Loss 1.485 ... D Loss 0.918
... Iteration 458 ... Epoch 0.29 ... G Loss 2.839 ... D Loss 0.662
... Iteration 459 ... Epoch 0.29 ... G Loss 2.444 ... D Loss 0.577
... Iteration 460 ... Epoch 0.29 ... G Loss 1.923 ... D Loss 0.603
... Iteration 461 ... Epoch 0.29 ... G Loss 2.284 ... D Loss 0.556
... Iteration 462 ... Epoch 0.29 ... G Loss 2.746 ... D Loss 0.639
... Iteration 463 ... Epoch 0.29 ... G Loss 2.134 ... D Loss 0.519
... Iteration 464 ... Epoch 0.29 ... G Loss 1.545 ... D Loss 0.675
... Iteration 465 ... Epoch 0.29 ... G Loss 3.154 ... D Loss 0.448
... Iteration 466 ... Epoch 0.29 ... G Loss 2.388 ... D Loss 0.655
... Iteration 467 ... Epoch 0.30 ... G Loss 2.417 ... D Loss 0.638
... Iteration 468 ... Epoch 0.30 ... G Loss 2.070 ... D Loss 0.603
... Iteration 469 ... Epoch 0.30 ... G Loss 2.009 ... D Loss 0.682
... Iteration 470 ... Epoch 0.30 ... G Loss 2.404 ... D Loss 0.659
... Iteration 471 ... Epoch 0.30 ... G Loss 1.978 ... D Loss 0.589
... Iteration 472 ... Epoch 0.30 ... G Loss 2.212 ... D Loss 0.560
... Iteration 473 ... Epoch 0.30 ... G Loss 2.540 ... D Loss 0.504
... Iteration 474 ... Epoch 0.30 ... G Loss 1.592 ... D Loss 1.163
... Iteration 475 ... Epoch 0.30 ... G Loss 2.421 ... D Loss 0.544
... Iteration 476 ... Epoch 0.30 ... G Loss 2.711 ... D Loss 0.599
... Iteration 477 ... Epoch 0.30 ... G Loss 2.128 ... D Loss 0.579
... Iteration 478 ... Epoch 0.30 ... G Loss 3.621 ... D Loss 0.898
... Iteration 479 ... Epoch 0.30 ... G Loss 1.839 ... D Loss 0.600
... Iteration 480 ... Epoch 0.30 ... G Loss 2.821 ... D Loss 0.650
... Iteration 481 ... Epoch 0.30 ... G Loss 1.495 ... D Loss 0.707
... Iteration 482 ... Epoch 0.30 ... G Loss 2.416 ... D Loss 0.598
... Iteration 483 ... Epoch 0.31 ... G Loss 3.303 ... D Loss 0.611
... Iteration 484 ... Epoch 0.31 ... G Loss 2.209 ... D Loss 0.605
... Iteration 485 ... Epoch 0.31 ... G Loss 1.887 ... D Loss 0.607
... Iteration 486 ... Epoch 0.31 ... G Loss 2.605 ... D Loss 0.502
... Iteration 487 ... Epoch 0.31 ... G Loss 2.316 ... D Loss 0.659
... Iteration 488 ... Epoch 0.31 ... G Loss 2.519 ... D Loss 0.587
... Iteration 489 ... Epoch 0.31 ... G Loss 1.616 ... D Loss 0.562
... Iteration 490 ... Epoch 0.31 ... G Loss 2.875 ... D Loss 0.593
... Iteration 491 ... Epoch 0.31 ... G Loss 2.193 ... D Loss 0.692
... Iteration 492 ... Epoch 0.31 ... G Loss 2.171 ... D Loss 0.564
... Iteration 493 ... Epoch 0.31 ... G Loss 3.058 ... D Loss 0.629
... Iteration 494 ... Epoch 0.31 ... G Loss 2.370 ... D Loss 0.632
... Iteration 495 ... Epoch 0.31 ... G Loss 2.529 ... D Loss 0.565
... Iteration 496 ... Epoch 0.31 ... G Loss 2.994 ... D Loss 0.641
... Iteration 497 ... Epoch 0.31 ... G Loss 2.794 ... D Loss 0.658
... Iteration 498 ... Epoch 0.31 ... G Loss 2.605 ... D Loss 0.644
... Iteration 499 ... Epoch 0.32 ... G Loss 1.981 ... D Loss 0.609
... Iteration 500 ... Epoch 0.32 ... G Loss 3.259 ... D Loss 0.294 ... D_x 0.876 ... D_G_z1 0.097 ... D_G_z2 0.080
... Iteration 500 ... Epoch 0.32 ... G Loss 2.433 ... D Loss 0.480
... Iteration 501 ... Epoch 0.32 ... G Loss 2.297 ... D Loss 0.657
... Iteration 502 ... Epoch 0.32 ... G Loss 2.616 ... D Loss 0.571
... Iteration 503 ... Epoch 0.32 ... G Loss 2.565 ... D Loss 0.616
... Iteration 504 ... Epoch 0.32 ... G Loss 3.467 ... D Loss 0.650
... Iteration 505 ... Epoch 0.32 ... G Loss 4.114 ... D Loss 0.728
... Iteration 506 ... Epoch 0.32 ... G Loss 2.404 ... D Loss 0.517
... Iteration 507 ... Epoch 0.32 ... G Loss 2.593 ... D Loss 0.705
... Iteration 508 ... Epoch 0.32 ... G Loss 2.206 ... D Loss 0.549
... Iteration 509 ... Epoch 0.32 ... G Loss 2.527 ... D Loss 0.551
... Iteration 510 ... Epoch 0.32 ... G Loss 2.938 ... D Loss 0.623
... Iteration 511 ... Epoch 0.32 ... G Loss 2.184 ... D Loss 0.659
... Iteration 512 ... Epoch 0.32 ... G Loss 3.932 ... D Loss 0.745
... Iteration 513 ... Epoch 0.32 ... G Loss 2.221 ... D Loss 0.516
... Iteration 514 ... Epoch 0.32 ... G Loss 2.682 ... D Loss 0.681
... Iteration 515 ... Epoch 0.33 ... G Loss 2.812 ... D Loss 0.608
... Iteration 516 ... Epoch 0.33 ... G Loss 2.780 ... D Loss 0.633
... Iteration 517 ... Epoch 0.33 ... G Loss 1.747 ... D Loss 0.575
... Iteration 518 ... Epoch 0.33 ... G Loss 2.364 ... D Loss 0.570
... Iteration 519 ... Epoch 0.33 ... G Loss 2.716 ... D Loss 0.707
... Iteration 520 ... Epoch 0.33 ... G Loss 2.036 ... D Loss 0.547
... Iteration 521 ... Epoch 0.33 ... G Loss 2.301 ... D Loss 0.589
... Iteration 522 ... Epoch 0.33 ... G Loss 1.652 ... D Loss 0.624
... Iteration 523 ... Epoch 0.33 ... G Loss 2.463 ... D Loss 0.532
... Iteration 524 ... Epoch 0.33 ... G Loss 1.740 ... D Loss 0.644
... Iteration 525 ... Epoch 0.33 ... G Loss 3.044 ... D Loss 0.577
... Iteration 526 ... Epoch 0.33 ... G Loss 1.307 ... D Loss 0.709
... Iteration 527 ... Epoch 0.33 ... G Loss 2.170 ... D Loss 0.606
... Iteration 528 ... Epoch 0.33 ... G Loss 1.891 ... D Loss 0.695
... Iteration 529 ... Epoch 0.33 ... G Loss 2.459 ... D Loss 0.660
... Iteration 530 ... Epoch 0.33 ... G Loss 3.115 ... D Loss 0.674
... Iteration 531 ... Epoch 0.34 ... G Loss 2.252 ... D Loss 0.576
... Iteration 532 ... Epoch 0.34 ... G Loss 2.258 ... D Loss 0.573
... Iteration 533 ... Epoch 0.34 ... G Loss 1.764 ... D Loss 0.592
... Iteration 534 ... Epoch 0.34 ... G Loss 1.654 ... D Loss 0.672
... Iteration 535 ... Epoch 0.34 ... G Loss 2.388 ... D Loss 0.583
... Iteration 536 ... Epoch 0.34 ... G Loss 2.732 ... D Loss 0.567
... Iteration 537 ... Epoch 0.34 ... G Loss 2.940 ... D Loss 0.612
... Iteration 538 ... Epoch 0.34 ... G Loss 2.280 ... D Loss 0.585
... Iteration 539 ... Epoch 0.34 ... G Loss 2.785 ... D Loss 0.620
... Iteration 540 ... Epoch 0.34 ... G Loss 2.637 ... D Loss 0.714
... Iteration 541 ... Epoch 0.34 ... G Loss 2.065 ... D Loss 0.592
... Iteration 542 ... Epoch 0.34 ... G Loss 1.268 ... D Loss 0.743
... Iteration 543 ... Epoch 0.34 ... G Loss 1.931 ... D Loss 0.540
... Iteration 544 ... Epoch 0.34 ... G Loss 2.277 ... D Loss 0.569
... Iteration 545 ... Epoch 0.34 ... G Loss 2.467 ... D Loss 0.557
... Iteration 546 ... Epoch 0.34 ... G Loss 2.612 ... D Loss 0.673
... Iteration 547 ... Epoch 0.35 ... G Loss 2.480 ... D Loss 0.586
... Iteration 548 ... Epoch 0.35 ... G Loss 1.378 ... D Loss 1.047
... Iteration 549 ... Epoch 0.35 ... G Loss 2.064 ... D Loss 0.608
... Iteration 550 ... Epoch 0.35 ... G Loss 2.176 ... D Loss 0.612
... Iteration 551 ... Epoch 0.35 ... G Loss 3.107 ... D Loss 0.635
... Iteration 552 ... Epoch 0.35 ... G Loss 1.972 ... D Loss 0.612
... Iteration 553 ... Epoch 0.35 ... G Loss 2.494 ... D Loss 0.567
... Iteration 554 ... Epoch 0.35 ... G Loss 2.063 ... D Loss 0.631
... Iteration 555 ... Epoch 0.35 ... G Loss 2.778 ... D Loss 0.610
... Iteration 556 ... Epoch 0.35 ... G Loss 1.937 ... D Loss 0.787
... Iteration 557 ... Epoch 0.35 ... G Loss 2.376 ... D Loss 0.557
... Iteration 558 ... Epoch 0.35 ... G Loss 2.907 ... D Loss 0.568
... Iteration 559 ... Epoch 0.35 ... G Loss 2.327 ... D Loss 0.524
... Iteration 560 ... Epoch 0.35 ... G Loss 2.267 ... D Loss 0.596
... Iteration 561 ... Epoch 0.35 ... G Loss 2.817 ... D Loss 0.534
... Iteration 562 ... Epoch 0.36 ... G Loss 3.421 ... D Loss 0.810
... Iteration 563 ... Epoch 0.36 ... G Loss 2.313 ... D Loss 0.572
... Iteration 564 ... Epoch 0.36 ... G Loss 2.801 ... D Loss 0.586
... Iteration 565 ... Epoch 0.36 ... G Loss 2.299 ... D Loss 0.563
... Iteration 566 ... Epoch 0.36 ... G Loss 2.030 ... D Loss 0.628
... Iteration 567 ... Epoch 0.36 ... G Loss 2.366 ... D Loss 1.333
... Iteration 568 ... Epoch 0.36 ... G Loss 2.285 ... D Loss 0.517
... Iteration 569 ... Epoch 0.36 ... G Loss 2.408 ... D Loss 0.628
... Iteration 570 ... Epoch 0.36 ... G Loss 2.172 ... D Loss 0.557
... Iteration 571 ... Epoch 0.36 ... G Loss 2.158 ... D Loss 0.573
... Iteration 572 ... Epoch 0.36 ... G Loss 2.718 ... D Loss 0.611
... Iteration 573 ... Epoch 0.36 ... G Loss 2.276 ... D Loss 0.528
... Iteration 574 ... Epoch 0.36 ... G Loss 1.866 ... D Loss 0.632
... Iteration 575 ... Epoch 0.36 ... G Loss 2.076 ... D Loss 0.658
... Iteration 576 ... Epoch 0.36 ... G Loss 2.329 ... D Loss 0.585
... Iteration 577 ... Epoch 0.36 ... G Loss 1.167 ... D Loss 0.855
... Iteration 578 ... Epoch 0.37 ... G Loss 1.753 ... D Loss 0.582
... Iteration 579 ... Epoch 0.37 ... G Loss 3.000 ... D Loss 0.479
... Iteration 580 ... Epoch 0.37 ... G Loss 2.225 ... D Loss 0.610
... Iteration 581 ... Epoch 0.37 ... G Loss 2.788 ... D Loss 0.579
... Iteration 582 ... Epoch 0.37 ... G Loss 2.791 ... D Loss 0.663
... Iteration 583 ... Epoch 0.37 ... G Loss 2.724 ... D Loss 0.594
... Iteration 584 ... Epoch 0.37 ... G Loss 1.953 ... D Loss 0.548
... Iteration 585 ... Epoch 0.37 ... G Loss 2.523 ... D Loss 0.576
... Iteration 586 ... Epoch 0.37 ... G Loss 2.265 ... D Loss 0.628
... Iteration 587 ... Epoch 0.37 ... G Loss 3.079 ... D Loss 0.691
... Iteration 588 ... Epoch 0.37 ... G Loss 1.550 ... D Loss 0.732
... Iteration 589 ... Epoch 0.37 ... G Loss 1.797 ... D Loss 0.640
... Iteration 590 ... Epoch 0.37 ... G Loss 1.729 ... D Loss 0.665
... Iteration 591 ... Epoch 0.37 ... G Loss 2.050 ... D Loss 0.634
... Iteration 592 ... Epoch 0.37 ... G Loss 2.532 ... D Loss 0.535
... Iteration 593 ... Epoch 0.37 ... G Loss 1.548 ... D Loss 0.712
... Iteration 594 ... Epoch 0.38 ... G Loss 2.277 ... D Loss 0.542
... Iteration 595 ... Epoch 0.38 ... G Loss 2.394 ... D Loss 0.605
... Iteration 596 ... Epoch 0.38 ... G Loss 2.640 ... D Loss 0.624
... Iteration 597 ... Epoch 0.38 ... G Loss 2.857 ... D Loss 0.631
... Iteration 598 ... Epoch 0.38 ... G Loss 2.132 ... D Loss 0.581
... Iteration 599 ... Epoch 0.38 ... G Loss 2.481 ... D Loss 0.559
... Iteration 600 ... Epoch 0.38 ... G Loss 3.418 ... D Loss 0.282 ... D_x 0.885 ... D_G_z1 0.098 ... D_G_z2 0.073
... Iteration 600 ... Epoch 0.38 ... G Loss 2.729 ... D Loss 0.673
... Iteration 601 ... Epoch 0.38 ... G Loss 1.826 ... D Loss 0.675
... Iteration 602 ... Epoch 0.38 ... G Loss 2.181 ... D Loss 0.768
... Iteration 603 ... Epoch 0.38 ... G Loss 2.140 ... D Loss 0.520
... Iteration 604 ... Epoch 0.38 ... G Loss 2.050 ... D Loss 0.837
... Iteration 605 ... Epoch 0.38 ... G Loss 3.586 ... D Loss 0.853
... Iteration 606 ... Epoch 0.38 ... G Loss 2.433 ... D Loss 0.588
... Iteration 607 ... Epoch 0.38 ... G Loss 4.129 ... D Loss 0.751
... Iteration 608 ... Epoch 0.38 ... G Loss 2.642 ... D Loss 0.601
... Iteration 609 ... Epoch 0.38 ... G Loss 2.300 ... D Loss 0.552
... Iteration 610 ... Epoch 0.39 ... G Loss 1.338 ... D Loss 0.798
... Iteration 611 ... Epoch 0.39 ... G Loss 1.761 ... D Loss 0.587
... Iteration 612 ... Epoch 0.39 ... G Loss 2.389 ... D Loss 0.632
... Iteration 613 ... Epoch 0.39 ... G Loss 2.447 ... D Loss 0.599
... Iteration 614 ... Epoch 0.39 ... G Loss 2.132 ... D Loss 0.557
... Iteration 615 ... Epoch 0.39 ... G Loss 2.343 ... D Loss 0.549
... Iteration 616 ... Epoch 0.39 ... G Loss 2.234 ... D Loss 0.623
... Iteration 617 ... Epoch 0.39 ... G Loss 3.868 ... D Loss 0.969
... Iteration 618 ... Epoch 0.39 ... G Loss 1.878 ... D Loss 0.604
... Iteration 619 ... Epoch 0.39 ... G Loss 2.540 ... D Loss 0.599
... Iteration 620 ... Epoch 0.39 ... G Loss 1.626 ... D Loss 0.641
... Iteration 621 ... Epoch 0.39 ... G Loss 2.048 ... D Loss 0.578
... Iteration 622 ... Epoch 0.39 ... G Loss 2.296 ... D Loss 0.662
... Iteration 623 ... Epoch 0.39 ... G Loss 2.283 ... D Loss 0.558
... Iteration 624 ... Epoch 0.39 ... G Loss 2.701 ... D Loss 0.671
... Iteration 625 ... Epoch 0.39 ... G Loss 2.852 ... D Loss 0.789
... Iteration 626 ... Epoch 0.40 ... G Loss 2.006 ... D Loss 0.702
... Iteration 627 ... Epoch 0.40 ... G Loss 1.962 ... D Loss 0.569
... Iteration 628 ... Epoch 0.40 ... G Loss 1.683 ... D Loss 0.599
... Iteration 629 ... Epoch 0.40 ... G Loss 2.127 ... D Loss 0.564
... Iteration 630 ... Epoch 0.40 ... G Loss 1.428 ... D Loss 0.670
... Iteration 631 ... Epoch 0.40 ... G Loss 2.098 ... D Loss 0.613
... Iteration 632 ... Epoch 0.40 ... G Loss 1.726 ... D Loss 0.570
... Iteration 633 ... Epoch 0.40 ... G Loss 2.471 ... D Loss 0.594
... Iteration 634 ... Epoch 0.40 ... G Loss 1.921 ... D Loss 0.534
... Iteration 635 ... Epoch 0.40 ... G Loss 3.635 ... D Loss 0.681
... Iteration 636 ... Epoch 0.40 ... G Loss 2.338 ... D Loss 0.564
... Iteration 637 ... Epoch 0.40 ... G Loss 2.149 ... D Loss 0.740
... Iteration 638 ... Epoch 0.40 ... G Loss 2.383 ... D Loss 0.625
... Iteration 639 ... Epoch 0.40 ... G Loss 2.607 ... D Loss 0.564
... Iteration 640 ... Epoch 0.40 ... G Loss 2.229 ... D Loss 0.544
... Iteration 641 ... Epoch 0.40 ... G Loss 2.274 ... D Loss 0.578
... Iteration 642 ... Epoch 0.41 ... G Loss 2.229 ... D Loss 0.659
... Iteration 643 ... Epoch 0.41 ... G Loss 2.163 ... D Loss 0.633
... Iteration 644 ... Epoch 0.41 ... G Loss 2.269 ... D Loss 0.520
... Iteration 645 ... Epoch 0.41 ... G Loss 2.294 ... D Loss 0.550
... Iteration 646 ... Epoch 0.41 ... G Loss 2.872 ... D Loss 0.553
... Iteration 647 ... Epoch 0.41 ... G Loss 1.908 ... D Loss 0.598
... Iteration 648 ... Epoch 0.41 ... G Loss 1.771 ... D Loss 0.629
... Iteration 649 ... Epoch 0.41 ... G Loss 2.282 ... D Loss 0.647
... Iteration 650 ... Epoch 0.41 ... G Loss 2.492 ... D Loss 0.565
... Iteration 651 ... Epoch 0.41 ... G Loss 1.789 ... D Loss 0.634
... Iteration 652 ... Epoch 0.41 ... G Loss 1.798 ... D Loss 0.666
... Iteration 653 ... Epoch 0.41 ... G Loss 2.020 ... D Loss 0.687
... Iteration 654 ... Epoch 0.41 ... G Loss 2.999 ... D Loss 0.722
... Iteration 655 ... Epoch 0.41 ... G Loss 3.356 ... D Loss 0.715
... Iteration 656 ... Epoch 0.41 ... G Loss 1.398 ... D Loss 0.736
... Iteration 657 ... Epoch 0.42 ... G Loss 2.525 ... D Loss 0.583
... Iteration 658 ... Epoch 0.42 ... G Loss 2.554 ... D Loss 0.554
... Iteration 659 ... Epoch 0.42 ... G Loss 2.140 ... D Loss 0.628
... Iteration 660 ... Epoch 0.42 ... G Loss 2.395 ... D Loss 0.617
... Iteration 661 ... Epoch 0.42 ... G Loss 1.771 ... D Loss 0.650
... Iteration 662 ... Epoch 0.42 ... G Loss 2.015 ... D Loss 0.585
... Iteration 663 ... Epoch 0.42 ... G Loss 2.839 ... D Loss 0.588
... Iteration 664 ... Epoch 0.42 ... G Loss 2.506 ... D Loss 0.612
... Iteration 665 ... Epoch 0.42 ... G Loss 2.260 ... D Loss 0.573
... Iteration 666 ... Epoch 0.42 ... G Loss 1.959 ... D Loss 0.617
... Iteration 667 ... Epoch 0.42 ... G Loss 2.115 ... D Loss 0.571
... Iteration 668 ... Epoch 0.42 ... G Loss 2.069 ... D Loss 0.663
... Iteration 669 ... Epoch 0.42 ... G Loss 2.029 ... D Loss 0.691
