Requested load from: best_resnet_traintest.ini
Config files found: ['test_enfnet.ini', 'dcgan.ini', 'test_resnet.ini', 'test.ini', 'test_convnet.ini', 'best_resnet_long_test.ini', 'test_kazunet.ini', 'best_resnet_traintest.ini', 'best_resnet.ini']
Loading from best_resnet_traintest.ini
best_resnet_traintest.ini loaded!
Params OK: {'num_input_channels': 19, 'num_latent_dims': 128, 'arch_key': 1, 'arch_depth': 18, 'num_classes': 3, 'train_all': 1}
Requesting GPUs. GPU list : [0, 1]
Main GPU : cuda:0
Using DataParallel on these devices: ['cuda:0', 'cuda:1']
CUDA is available
Loading training indices from:  /fast_scratch/WatChMaL/data/IWCDmPMT_4pi_fulltank_9M_splits_CNN/IWCDmPMT_4pi_fulltank_9M_trainval_idxs.npz
Loading validation indices from:  /fast_scratch/WatChMaL/data/IWCDmPMT_4pi_fulltank_9M_splits_CNN/IWCDmPMT_4pi_fulltank_9M_trainval_idxs.npz
Loading test indices from:  /fast_scratch/WatChMaL/data/IWCD_fulltank_300_pe_idxs.npz
Creating a directory for run dump at : dumps/20200525_110037/
Saving config file as dumps/20200525_110037/config_file.ini
Config file saved at dumps/20200525_110037/config_file.ini
Entire model parameters passed to the optimizer
Epoch 0 Starting @ 2020-05-25 11:00:38
... Iteration 100 ... Epoch 0.01 ... Loss 1.078 ... Accuracy 0.336
... Iteration 200 ... Epoch 0.02 ... Loss 0.922 ... Accuracy 0.521
... Iteration 300 ... Epoch 0.04 ... Loss 0.701 ... Accuracy 0.596
... Iteration 400 ... Epoch 0.05 ... Loss 0.636 ... Accuracy 0.646
... Iteration 500 ... Epoch 0.06 ... Loss 0.611 ... Accuracy 0.609
... Iteration 600 ... Epoch 0.07 ... Loss 0.597 ... Accuracy 0.641
... Iteration 700 ... Epoch 0.09 ... Loss 0.624 ... Accuracy 0.617
... Iteration 800 ... Epoch 0.10 ... Loss 0.589 ... Accuracy 0.670
... Iteration 900 ... Epoch 0.11 ... Loss 0.589 ... Accuracy 0.633
... Iteration 1000 ... Epoch 0.12 ... Loss 0.640 ... Accuracy 0.615
... Iteration 1100 ... Epoch 0.13 ... Loss 0.667 ... Accuracy 0.627
... Iteration 1200 ... Epoch 0.15 ... Loss 0.618 ... Accuracy 0.631
... Iteration 1300 ... Epoch 0.16 ... Loss 0.621 ... Accuracy 0.617
... Iteration 1400 ... Epoch 0.17 ... Loss 0.592 ... Accuracy 0.664
... Iteration 1500 ... Epoch 0.18 ... Loss 0.619 ... Accuracy 0.656
... Iteration 1600 ... Epoch 0.20 ... Loss 0.628 ... Accuracy 0.602
... Iteration 1700 ... Epoch 0.21 ... Loss 0.613 ... Accuracy 0.617
... Iteration 1800 ... Epoch 0.22 ... Loss 0.602 ... Accuracy 0.666
... Iteration 1900 ... Epoch 0.23 ... Loss 0.595 ... Accuracy 0.637
... Iteration 2000 ... Epoch 0.24 ... Loss 0.611 ... Accuracy 0.656
... Iteration 2100 ... Epoch 0.26 ... Loss 0.547 ... Accuracy 0.660
... Iteration 2200 ... Epoch 0.27 ... Loss 0.574 ... Accuracy 0.664
... Iteration 2300 ... Epoch 0.28 ... Loss 0.569 ... Accuracy 0.686
... Iteration 2400 ... Epoch 0.29 ... Loss 0.540 ... Accuracy 0.678
