nohup: ignoring input
PID: 41868
Requested load from: best_resnet_traintest_hitarray_postveto_nomichel.ini
Config files found: ['debug.ini', 'test_enfnet.ini', 'dcgan.ini', 'test_resnet.ini', 'test.ini', 'test_convnet.ini', 'best_resnet_long_test.ini', 'test_kazunet.ini', 'best_resnet_traintest_hitarray_postveto.ini', 'dcgan_collapse.ini', 'best_resnet_traintest.ini', 'best_resnet_traintest_hitarray_postveto_nomichel.ini', 'best_resnet.ini']
Loading from best_resnet_traintest_hitarray_postveto_nomichel.ini
best_resnet_traintest_hitarray_postveto_nomichel.ini loaded!
Params OK: {'num_input_channels': 19, 'num_latent_dims': 128, 'arch_key': 1, 'arch_depth': 18, 'num_classes': 3, 'train_all': 1}
Requesting GPUs. GPU list : [4, 5]
Main GPU : cuda:4
Using DataParallel on these devices: ['cuda:4', 'cuda:5']
CUDA is available
Loading training indices from:  /fast_scratch/WatChMaL/data/IWCD_fulltank_300_post_veto_nomichel_pe_idxs.npz
Loading validation indices from:  /fast_scratch/WatChMaL/data/IWCD_fulltank_300_post_veto_nomichel_pe_idxs.npz
Loading test indices from:  /fast_scratch/WatChMaL/data/IWCD_fulltank_300_post_veto_nomichel_pe_idxs.npz
Creating a directory for run dump at : dumps/20200731_172209/
Saving config file as dumps/20200731_172209/config_file.ini
Config file saved at dumps/20200731_172209/config_file.ini
Entire model parameters passed to the optimizer
Validation Interval: 10
Epoch 0 Starting @ 2020-07-31 17:22:10
